<?xml version="1.0" encoding="UTF-8" standalone="yes"?><!DOCTYPE report PUBLIC "-//JACOCO//DTD Report 1.1//EN" "report.dtd"><report name="MusiGuessr Backend"><sessioninfo id="LAPTOP-7KLP4HHM-dc1acfa3" start="1766944824002" dump="1766944847190"/><package name="com/musiguessr/backend/model"><class name="com/musiguessr/backend/model/TournamentParticipant" sourcefilename="TournamentParticipant.java"/><class name="com/musiguessr/backend/model/PlaylistItem" sourcefilename="PlaylistItem.java"/><class name="com/musiguessr/backend/model/Music" sourcefilename="Music.java"/><class name="com/musiguessr/backend/model/Playlist" sourcefilename="Playlist.java"/><class name="com/musiguessr/backend/model/GameState" sourcefilename="GameState.java"><method name="&lt;clinit&gt;" desc="()V" line="3"><counter type="INSTRUCTION" missed="0" covered="21"/><counter type="LINE" missed="0" covered="4"/><counter type="COMPLEXITY" missed="0" covered="1"/><counter type="METHOD" missed="0" covered="1"/></method><counter type="INSTRUCTION" missed="0" covered="21"/><counter type="LINE" missed="0" covered="4"/><counter type="COMPLEXITY" missed="0" covered="1"/><counter type="METHOD" missed="0" covered="1"/><counter type="CLASS" missed="0" covered="1"/></class><class name="com/musiguessr/backend/model/Game" sourcefilename="Game.java"/><class name="com/musiguessr/backend/model/GameRound" sourcefilename="GameRound.java"/><class name="com/musiguessr/backend/model/User" sourcefilename="User.java"/><class name="com/musiguessr/backend/model/PlaylistItemId" sourcefilename="PlaylistItemId.java"/><class name="com/musiguessr/backend/model/Artist" sourcefilename="Artist.java"/><class name="com/musiguessr/backend/model/Post" sourcefilename="Post.java"/><class name="com/musiguessr/backend/model/UserRole" sourcefilename="UserRole.java"><method name="&lt;clinit&gt;" desc="()V" line="3"><counter type="INSTRUCTION" missed="0" covered="27"/><counter type="LINE" missed="0" covered="5"/><counter type="COMPLEXITY" missed="0" covered="1"/><counter type="METHOD" missed="0" covered="1"/></method><counter type="INSTRUCTION" missed="0" covered="27"/><counter type="LINE" missed="0" covered="5"/><counter type="COMPLEXITY" missed="0" covered="1"/><counter type="METHOD" missed="0" covered="1"/><counter type="CLASS" missed="0" covered="1"/></class><class name="com/musiguessr/backend/model/GameHistory" sourcefilename="GameHistory.java"/><class name="com/musiguessr/backend/model/FollowingId" sourcefilename="FollowingId.java"/><class name="com/musiguessr/backend/model/Genre" sourcefilename="Genre.java"/><class name="com/musiguessr/backend/model/Tournament" sourcefilename="Tournament.java"/><class name="com/musiguessr/backend/model/Following" sourcefilename="Following.java"/><class name="com/musiguessr/backend/model/RefreshToken" sourcefilename="RefreshToken.java"/><class name="com/musiguessr/backend/model/TournamentState" sourcefilename="TournamentState.java"><method name="&lt;clinit&gt;" desc="()V" line="3"><counter type="INSTRUCTION" missed="0" covered="21"/><counter type="LINE" missed="0" covered="4"/><counter type="COMPLEXITY" missed="0" covered="1"/><counter type="METHOD" missed="0" covered="1"/></method><counter type="INSTRUCTION" missed="0" covered="21"/><counter type="LINE" missed="0" covered="4"/><counter type="COMPLEXITY" missed="0" covered="1"/><counter type="METHOD" missed="0" covered="1"/><counter type="CLASS" missed="0" covered="1"/></class><class name="com/musiguessr/backend/model/TournamentParticipantId" sourcefilename="TournamentParticipantId.java"/><sourcefile name="Genre.java"/><sourcefile name="GameHistory.java"/><sourcefile name="PlaylistItem.java"/><sourcefile name="Tournament.java"/><sourcefile name="Artist.java"/><sourcefile name="PlaylistItemId.java"/><sourcefile name="Game.java"/><sourcefile name="GameState.java"><line nr="3" mi="0" ci="3" mb="0" cb="0"/><line nr="4" mi="0" ci="6" mb="0" cb="0"/><line nr="5" mi="0" ci="6" mb="0" cb="0"/><line nr="6" mi="0" ci="6" mb="0" cb="0"/><counter type="INSTRUCTION" missed="0" covered="21"/><counter type="LINE" missed="0" covered="4"/><counter type="COMPLEXITY" missed="0" covered="1"/><counter type="METHOD" missed="0" covered="1"/><counter type="CLASS" missed="0" covered="1"/></sourcefile><sourcefile name="GameRound.java"/><sourcefile name="Playlist.java"/><sourcefile name="Post.java"/><sourcefile name="TournamentState.java"><line nr="3" mi="0" ci="3" mb="0" cb="0"/><line nr="4" mi="0" ci="6" mb="0" cb="0"/><line nr="5" mi="0" ci="6" mb="0" cb="0"/><line nr="6" mi="0" ci="6" mb="0" cb="0"/><counter type="INSTRUCTION" missed="0" covered="21"/><counter type="LINE" missed="0" covered="4"/><counter type="COMPLEXITY" missed="0" covered="1"/><counter type="METHOD" missed="0" covered="1"/><counter type="CLASS" missed="0" covered="1"/></sourcefile><sourcefile name="FollowingId.java"/><sourcefile name="TournamentParticipant.java"/><sourcefile name="UserRole.java"><line nr="3" mi="0" ci="3" mb="0" cb="0"/><line nr="4" mi="0" ci="6" mb="0" cb="0"/><line nr="5" mi="0" ci="6" mb="0" cb="0"/><line nr="6" mi="0" ci="6" mb="0" cb="0"/><line nr="7" mi="0" ci="6" mb="0" cb="0"/><counter type="INSTRUCTION" missed="0" covered="27"/><counter type="LINE" missed="0" covered="5"/><counter type="COMPLEXITY" missed="0" covered="1"/><counter type="METHOD" missed="0" covered="1"/><counter type="CLASS" missed="0" covered="1"/></sourcefile><sourcefile name="Following.java"/><sourcefile name="Music.java"/><sourcefile name="TournamentParticipantId.java"/><sourcefile name="User.java"/><sourcefile name="RefreshToken.java"/><counter type="INSTRUCTION" missed="0" covered="69"/><counter type="LINE" missed="0" covered="13"/><counter type="COMPLEXITY" missed="0" covered="3"/><counter type="METHOD" missed="0" covered="3"/><counter type="CLASS" missed="0" covered="3"/></package><package name="com/musiguessr/backend/controller"><class name="com/musiguessr/backend/controller/ArtistController" sourcefilename="ArtistController.java"><method name="getArtists" desc="(Ljava/lang/String;Ljava/lang/Integer;Ljava/lang/Integer;)Lorg/springframework/http/ResponseEntity;" line="27"><counter type="INSTRUCTION" missed="0" covered="8"/><counter type="LINE" missed="0" covered="1"/><counter type="COMPLEXITY" missed="0" covered="1"/><counter type="METHOD" missed="0" covered="1"/></method><method name="getArtistById" desc="(Ljava/lang/Long;)Lorg/springframework/http/ResponseEntity;" line="32"><counter type="INSTRUCTION" missed="0" covered="6"/><counter type="LINE" missed="0" covered="1"/><counter type="COMPLEXITY" missed="0" covered="1"/><counter type="METHOD" missed="0" covered="1"/></method><method name="createArtist" desc="(Lcom/musiguessr/backend/dto/artist/ArtistRequestDTO;)Lorg/springframework/http/ResponseEntity;" line="38"><counter type="INSTRUCTION" missed="0" covered="8"/><counter type="LINE" missed="0" covered="1"/><counter type="COMPLEXITY" missed="0" covered="1"/><counter type="METHOD" missed="0" covered="1"/></method><method name="updateArtist" desc="(Ljava/lang/Long;Lcom/musiguessr/backend/dto/artist/ArtistRequestDTO;)Lorg/springframework/http/ResponseEntity;" line="46"><counter type="INSTRUCTION" missed="0" covered="7"/><counter type="LINE" missed="0" covered="1"/><counter type="COMPLEXITY" missed="0" covered="1"/><counter type="METHOD" missed="0" covered="1"/></method><method name="deleteArtist" desc="(Ljava/lang/Long;)Lorg/springframework/http/ResponseEntity;" line="52"><counter type="INSTRUCTION" missed="0" covered="7"/><counter type="LINE" missed="0" covered="2"/><counter type="COMPLEXITY" missed="0" covered="1"/><counter type="METHOD" missed="0" covered="1"/></method><counter type="INSTRUCTION" missed="0" covered="36"/><counter type="LINE" missed="0" covered="6"/><counter type="COMPLEXITY" missed="0" covered="5"/><counter type="METHOD" missed="0" covered="5"/><counter type="CLASS" missed="0" covered="1"/></class><class name="com/musiguessr/backend/controller/GenreController" sourcefilename="GenreController.java"><method name="getGenres" desc="(Ljava/lang/String;Ljava/lang/Integer;Ljava/lang/Integer;)Lorg/springframework/http/ResponseEntity;" line="27"><counter type="INSTRUCTION" missed="0" covered="8"/><counter type="LINE" missed="0" covered="1"/><counter type="COMPLEXITY" missed="0" covered="1"/><counter type="METHOD" missed="0" covered="1"/></method><method name="getGenreById" desc="(Ljava/lang/Long;)Lorg/springframework/http/ResponseEntity;" line="32"><counter type="INSTRUCTION" missed="0" covered="6"/><counter type="LINE" missed="0" covered="1"/><counter type="COMPLEXITY" missed="0" covered="1"/><counter type="METHOD" missed="0" covered="1"/></method><method name="createGenre" desc="(Lcom/musiguessr/backend/dto/genre/GenreRequestDTO;)Lorg/springframework/http/ResponseEntity;" line="38"><counter type="INSTRUCTION" missed="0" covered="8"/><counter type="LINE" missed="0" covered="1"/><counter type="COMPLEXITY" missed="0" covered="1"/><counter type="METHOD" missed="0" covered="1"/></method><method name="updateGenre" desc="(Ljava/lang/Long;Lcom/musiguessr/backend/dto/genre/GenreRequestDTO;)Lorg/springframework/http/ResponseEntity;" line="45"><counter type="INSTRUCTION" missed="0" covered="7"/><counter type="LINE" missed="0" covered="1"/><counter type="COMPLEXITY" missed="0" covered="1"/><counter type="METHOD" missed="0" covered="1"/></method><method name="deleteGenre" desc="(Ljava/lang/Long;)Lorg/springframework/http/ResponseEntity;" line="51"><counter type="INSTRUCTION" missed="0" covered="7"/><counter type="LINE" missed="0" covered="2"/><counter type="COMPLEXITY" missed="0" covered="1"/><counter type="METHOD" missed="0" covered="1"/></method><counter type="INSTRUCTION" missed="0" covered="36"/><counter type="LINE" missed="0" covered="6"/><counter type="COMPLEXITY" missed="0" covered="5"/><counter type="METHOD" missed="0" covered="5"/><counter type="CLASS" missed="0" covered="1"/></class><class name="com/musiguessr/backend/controller/GameController" sourcefilename="GameController.java"><method name="createGame" desc="()Lorg/springframework/http/ResponseEntity;" line="19"><counter type="INSTRUCTION" missed="0" covered="7"/><counter type="LINE" missed="0" covered="1"/><counter type="COMPLEXITY" missed="0" covered="1"/><counter type="METHOD" missed="0" covered="1"/></method><method name="createTournamentGame" desc="(Ljava/lang/Long;)Lorg/springframework/http/ResponseEntity;" line="26"><counter type="INSTRUCTION" missed="0" covered="8"/><counter type="LINE" missed="0" covered="1"/><counter type="COMPLEXITY" missed="0" covered="1"/><counter type="METHOD" missed="0" covered="1"/></method><method name="startGame" desc="(Ljava/lang/Long;)Lorg/springframework/http/ResponseEntity;" line="31"><counter type="INSTRUCTION" missed="0" covered="6"/><counter type="LINE" missed="0" covered="1"/><counter type="COMPLEXITY" missed="0" covered="1"/><counter type="METHOD" missed="0" covered="1"/></method><method name="skip" desc="(Ljava/lang/Long;)Lorg/springframework/http/ResponseEntity;" line="36"><counter type="INSTRUCTION" missed="0" covered="6"/><counter type="LINE" missed="0" covered="1"/><counter type="COMPLEXITY" missed="0" covered="1"/><counter type="METHOD" missed="0" covered="1"/></method><method name="guess" desc="(Ljava/lang/Long;Lcom/musiguessr/backend/dto/game/GameRoundGuessDTO;)Lorg/springframework/http/ResponseEntity;" line="42"><counter type="INSTRUCTION" missed="0" covered="7"/><counter type="LINE" missed="0" covered="1"/><counter type="COMPLEXITY" missed="0" covered="1"/><counter type="METHOD" missed="0" covered="1"/></method><method name="finish" desc="(Ljava/lang/Long;)Lorg/springframework/http/ResponseEntity;" line="47"><counter type="INSTRUCTION" missed="0" covered="6"/><counter type="LINE" missed="0" covered="1"/><counter type="COMPLEXITY" missed="0" covered="1"/><counter type="METHOD" missed="0" covered="1"/></method><counter type="INSTRUCTION" missed="0" covered="40"/><counter type="LINE" missed="0" covered="6"/><counter type="COMPLEXITY" missed="0" covered="6"/><counter type="METHOD" missed="0" covered="6"/><counter type="CLASS" missed="0" covered="1"/></class><class name="com/musiguessr/backend/controller/UserController" sourcefilename="UserController.java"><method name="getUserById" desc="(Ljava/lang/Long;)Lorg/springframework/http/ResponseEntity;" line="29"><counter type="INSTRUCTION" missed="0" covered="6"/><counter type="LINE" missed="0" covered="1"/><counter type="COMPLEXITY" missed="0" covered="1"/><counter type="METHOD" missed="0" covered="1"/></method><method name="listUsers" desc="()Lorg/springframework/http/ResponseEntity;" line="34"><counter type="INSTRUCTION" missed="0" covered="5"/><counter type="LINE" missed="0" covered="1"/><counter type="COMPLEXITY" missed="0" covered="1"/><counter type="METHOD" missed="0" covered="1"/></method><method name="deleteUser" desc="(Ljava/lang/Long;)Lorg/springframework/http/ResponseEntity;" line="40"><counter type="INSTRUCTION" missed="0" covered="10"/><counter type="LINE" missed="0" covered="2"/><counter type="COMPLEXITY" missed="0" covered="1"/><counter type="METHOD" missed="0" covered="1"/></method><method name="updateUserRole" desc="(Ljava/lang/Long;Lcom/musiguessr/backend/dto/user/UserRoleUpdateRequestDTO;)Lorg/springframework/http/ResponseEntity;" line="49"><counter type="INSTRUCTION" missed="0" covered="8"/><counter type="LINE" missed="0" covered="1"/><counter type="COMPLEXITY" missed="0" covered="1"/><counter type="METHOD" missed="0" covered="1"/></method><method name="updateCurrentUser" desc="(Lcom/musiguessr/backend/dto/user/UserUpdateRequestDTO;)Lorg/springframework/http/ResponseEntity;" line="54"><counter type="INSTRUCTION" missed="0" covered="11"/><counter type="LINE" missed="0" covered="2"/><counter type="COMPLEXITY" missed="0" covered="1"/><counter type="METHOD" missed="0" covered="1"/></method><method name="updatePassword" desc="(Lcom/musiguessr/backend/dto/user/PasswordUpdateRequestDTO;)Lorg/springframework/http/ResponseEntity;" line="61"><counter type="INSTRUCTION" missed="0" covered="15"/><counter type="LINE" missed="0" covered="3"/><counter type="COMPLEXITY" missed="0" covered="1"/><counter type="METHOD" missed="0" covered="1"/></method><method name="presignProfilePicture" desc="(Lcom/musiguessr/backend/dto/user/ProfilePicturePresignRequestDTO;)Lorg/springframework/http/ResponseEntity;" line="69"><counter type="INSTRUCTION" missed="0" covered="14"/><counter type="LINE" missed="0" covered="2"/><counter type="COMPLEXITY" missed="0" covered="1"/><counter type="METHOD" missed="0" covered="1"/></method><method name="confirmProfilePicture" desc="(Lcom/musiguessr/backend/dto/user/ProfilePictureConfirmRequestDTO;)Lorg/springframework/http/ResponseEntity;" line="76"><counter type="INSTRUCTION" missed="0" covered="12"/><counter type="LINE" missed="0" covered="2"/><counter type="COMPLEXITY" missed="0" covered="1"/><counter type="METHOD" missed="0" covered="1"/></method><method name="getProfile" desc="()Lorg/springframework/http/ResponseEntity;" line="82"><counter type="INSTRUCTION" missed="10" covered="0"/><counter type="LINE" missed="2" covered="0"/><counter type="COMPLEXITY" missed="1" covered="0"/><counter type="METHOD" missed="1" covered="0"/></method><method name="getGameHistory" desc="()Lorg/springframework/http/ResponseEntity;" line="88"><counter type="INSTRUCTION" missed="10" covered="0"/><counter type="LINE" missed="2" covered="0"/><counter type="COMPLEXITY" missed="1" covered="0"/><counter type="METHOD" missed="1" covered="0"/></method><method name="getTournamentHistory" desc="()Lorg/springframework/http/ResponseEntity;" line="94"><counter type="INSTRUCTION" missed="10" covered="0"/><counter type="LINE" missed="2" covered="0"/><counter type="COMPLEXITY" missed="1" covered="0"/><counter type="METHOD" missed="1" covered="0"/></method><counter type="INSTRUCTION" missed="30" covered="81"/><counter type="LINE" missed="6" covered="14"/><counter type="COMPLEXITY" missed="3" covered="8"/><counter type="METHOD" missed="3" covered="8"/><counter type="CLASS" missed="0" covered="1"/></class><class name="com/musiguessr/backend/controller/LeaderboardController" sourcefilename="LeaderboardController.java"><method name="getGlobalLeaderboard" desc="()Lorg/springframework/http/ResponseEntity;" line="21"><counter type="INSTRUCTION" missed="0" covered="5"/><counter type="LINE" missed="0" covered="1"/><counter type="COMPLEXITY" missed="0" covered="1"/><counter type="METHOD" missed="0" covered="1"/></method><method name="getPlaylistLeaderboard" desc="(Ljava/lang/Long;)Lorg/springframework/http/ResponseEntity;" line="28"><counter type="INSTRUCTION" missed="0" covered="6"/><counter type="LINE" missed="0" covered="1"/><counter type="COMPLEXITY" missed="0" covered="1"/><counter type="METHOD" missed="0" covered="1"/></method><method name="getTournamentLeaderboard" desc="(Ljava/lang/Long;)Lorg/springframework/http/ResponseEntity;" line="35"><counter type="INSTRUCTION" missed="0" covered="6"/><counter type="LINE" missed="0" covered="1"/><counter type="COMPLEXITY" missed="0" covered="1"/><counter type="METHOD" missed="0" covered="1"/></method><method name="getFriendsLeaderboard" desc="()Lorg/springframework/http/ResponseEntity;" line="40"><counter type="INSTRUCTION" missed="0" covered="10"/><counter type="LINE" missed="0" covered="2"/><counter type="COMPLEXITY" missed="0" covered="1"/><counter type="METHOD" missed="0" covered="1"/></method><counter type="INSTRUCTION" missed="0" covered="27"/><counter type="LINE" missed="0" covered="5"/><counter type="COMPLEXITY" missed="0" covered="4"/><counter type="METHOD" missed="0" covered="4"/><counter type="CLASS" missed="0" covered="1"/></class><class name="com/musiguessr/backend/controller/FollowingController" sourcefilename="FollowingController.java"><method name="sendFollowRequest" desc="(Ljava/lang/Long;)Lorg/springframework/http/ResponseEntity;" line="24"><counter type="INSTRUCTION" missed="0" covered="14"/><counter type="LINE" missed="0" covered="3"/><counter type="COMPLEXITY" missed="0" covered="1"/><counter type="METHOD" missed="0" covered="1"/></method><method name="markInboxSeen" desc="()Lorg/springframework/http/ResponseEntity;" line="31"><counter type="INSTRUCTION" missed="0" covered="11"/><counter type="LINE" missed="0" covered="3"/><counter type="COMPLEXITY" missed="0" covered="1"/><counter type="METHOD" missed="0" covered="1"/></method><method name="acceptFollowRequest" desc="(Ljava/lang/Long;)Lorg/springframework/http/ResponseEntity;" line="38"><counter type="INSTRUCTION" missed="0" covered="12"/><counter type="LINE" missed="0" covered="3"/><counter type="COMPLEXITY" missed="0" covered="1"/><counter type="METHOD" missed="0" covered="1"/></method><method name="discardFollowRequest" desc="(Ljava/lang/Long;)Lorg/springframework/http/ResponseEntity;" line="45"><counter type="INSTRUCTION" missed="0" covered="12"/><counter type="LINE" missed="0" covered="3"/><counter type="COMPLEXITY" missed="0" covered="1"/><counter type="METHOD" missed="0" covered="1"/></method><method name="incomingRequests" desc="()Lorg/springframework/http/ResponseEntity;" line="52"><counter type="INSTRUCTION" missed="0" covered="10"/><counter type="LINE" missed="0" covered="2"/><counter type="COMPLEXITY" missed="0" covered="1"/><counter type="METHOD" missed="0" covered="1"/></method><method name="acceptedFollowing" desc="()Lorg/springframework/http/ResponseEntity;" line="58"><counter type="INSTRUCTION" missed="0" covered="10"/><counter type="LINE" missed="0" covered="2"/><counter type="COMPLEXITY" missed="0" covered="1"/><counter type="METHOD" missed="0" covered="1"/></method><method name="unfriend" desc="(Ljava/lang/Long;)Lorg/springframework/http/ResponseEntity;" line="64"><counter type="INSTRUCTION" missed="0" covered="12"/><counter type="LINE" missed="0" covered="3"/><counter type="COMPLEXITY" missed="0" covered="1"/><counter type="METHOD" missed="0" covered="1"/></method><counter type="INSTRUCTION" missed="0" covered="81"/><counter type="LINE" missed="0" covered="19"/><counter type="COMPLEXITY" missed="0" covered="7"/><counter type="METHOD" missed="0" covered="7"/><counter type="CLASS" missed="0" covered="1"/></class><class name="com/musiguessr/backend/controller/MusicController" sourcefilename="MusicController.java"><method name="getUploadUrl" desc="(Lcom/musiguessr/backend/dto/music/PresignRequestDTO;)Lorg/springframework/http/ResponseEntity;" line="24"><counter type="INSTRUCTION" missed="0" covered="6"/><counter type="LINE" missed="0" covered="1"/><counter type="COMPLEXITY" missed="0" covered="1"/><counter type="METHOD" missed="0" covered="1"/></method><method name="confirmUpload" desc="(Lcom/musiguessr/backend/dto/music/UploadConfirmRequestDTO;)Lorg/springframework/http/ResponseEntity;" line="30"><counter type="INSTRUCTION" missed="0" covered="8"/><counter type="LINE" missed="0" covered="1"/><counter type="COMPLEXITY" missed="0" covered="1"/><counter type="METHOD" missed="0" covered="1"/></method><method name="getMusics" desc="(Ljava/lang/String;Ljava/lang/Long;Ljava/lang/Long;Ljava/lang/Integer;Ljava/lang/Integer;)Lorg/springframework/http/ResponseEntity;" line="40"><counter type="INSTRUCTION" missed="0" covered="10"/><counter type="LINE" missed="0" covered="1"/><counter type="COMPLEXITY" missed="0" covered="1"/><counter type="METHOD" missed="0" covered="1"/></method><method name="getMusicById" desc="(Ljava/lang/Long;)Lorg/springframework/http/ResponseEntity;" line="45"><counter type="INSTRUCTION" missed="6" covered="0"/><counter type="LINE" missed="1" covered="0"/><counter type="COMPLEXITY" missed="1" covered="0"/><counter type="METHOD" missed="1" covered="0"/></method><method name="updateMusic" desc="(Ljava/lang/Long;Lcom/musiguessr/backend/dto/music/MusicRequestDTO;)Lorg/springframework/http/ResponseEntity;" line="52"><counter type="INSTRUCTION" missed="0" covered="7"/><counter type="LINE" missed="0" covered="1"/><counter type="COMPLEXITY" missed="0" covered="1"/><counter type="METHOD" missed="0" covered="1"/></method><method name="deleteMusic" desc="(Ljava/lang/Long;)Lorg/springframework/http/ResponseEntity;" line="58"><counter type="INSTRUCTION" missed="0" covered="7"/><counter type="LINE" missed="0" covered="2"/><counter type="COMPLEXITY" missed="0" covered="1"/><counter type="METHOD" missed="0" covered="1"/></method><counter type="INSTRUCTION" missed="6" covered="38"/><counter type="LINE" missed="1" covered="6"/><counter type="COMPLEXITY" missed="1" covered="5"/><counter type="METHOD" missed="1" covered="5"/><counter type="CLASS" missed="0" covered="1"/></class><class name="com/musiguessr/backend/controller/AuthController" sourcefilename="AuthController.java"><method name="register" desc="(Lcom/musiguessr/backend/dto/auth/RegisterRequestDTO;)Lorg/springframework/http/ResponseEntity;" line="30"><counter type="INSTRUCTION" missed="0" covered="8"/><counter type="LINE" missed="0" covered="1"/><counter type="COMPLEXITY" missed="0" covered="1"/><counter type="METHOD" missed="0" covered="1"/></method><method name="login" desc="(Lcom/musiguessr/backend/dto/auth/LoginRequestDTO;)Lorg/springframework/http/ResponseEntity;" line="35"><counter type="INSTRUCTION" missed="0" covered="6"/><counter type="LINE" missed="0" covered="1"/><counter type="COMPLEXITY" missed="0" covered="1"/><counter type="METHOD" missed="0" covered="1"/></method><method name="logout" desc="(Lcom/musiguessr/backend/dto/auth/LogoutRequestDTO;)Lorg/springframework/http/ResponseEntity;" line="40"><counter type="INSTRUCTION" missed="7" covered="0"/><counter type="LINE" missed="2" covered="0"/><counter type="COMPLEXITY" missed="1" covered="0"/><counter type="METHOD" missed="1" covered="0"/></method><method name="refreshToken" desc="(Lcom/musiguessr/backend/dto/token/RefreshTokenRequestDTO;)Lorg/springframework/http/ResponseEntity;" line="46"><counter type="INSTRUCTION" missed="0" covered="6"/><counter type="LINE" missed="0" covered="1"/><counter type="COMPLEXITY" missed="0" covered="1"/><counter type="METHOD" missed="0" covered="1"/></method><counter type="INSTRUCTION" missed="7" covered="20"/><counter type="LINE" missed="2" covered="3"/><counter type="COMPLEXITY" missed="1" covered="3"/><counter type="METHOD" missed="1" covered="3"/><counter type="CLASS" missed="0" covered="1"/></class><class name="com/musiguessr/backend/controller/PlaylistController" sourcefilename="PlaylistController.java"><method name="getPlaylists" desc="(Ljava/lang/Long;Ljava/lang/String;Ljava/lang/Integer;Ljava/lang/Integer;)Lorg/springframework/http/ResponseEntity;" line="29"><counter type="INSTRUCTION" missed="0" covered="9"/><counter type="LINE" missed="0" covered="1"/><counter type="COMPLEXITY" missed="0" covered="1"/><counter type="METHOD" missed="0" covered="1"/></method><method name="getPlaylistById" desc="(Ljava/lang/Long;)Lorg/springframework/http/ResponseEntity;" line="34"><counter type="INSTRUCTION" missed="6" covered="0"/><counter type="LINE" missed="1" covered="0"/><counter type="COMPLEXITY" missed="1" covered="0"/><counter type="METHOD" missed="1" covered="0"/></method><method name="createPlaylist" desc="(Lcom/musiguessr/backend/dto/playlist/PlaylistRequestDTO;)Lorg/springframework/http/ResponseEntity;" line="40"><counter type="INSTRUCTION" missed="0" covered="8"/><counter type="LINE" missed="0" covered="1"/><counter type="COMPLEXITY" missed="0" covered="1"/><counter type="METHOD" missed="0" covered="1"/></method><method name="createRandomPlaylist" desc="(Lcom/musiguessr/backend/dto/playlist/PlaylistRandomRequestDTO;)Lorg/springframework/http/ResponseEntity;" line="46"><counter type="INSTRUCTION" missed="0" covered="8"/><counter type="LINE" missed="0" covered="1"/><counter type="COMPLEXITY" missed="0" covered="1"/><counter type="METHOD" missed="0" covered="1"/></method><method name="updatePlaylist" desc="(Ljava/lang/Long;Lcom/musiguessr/backend/dto/playlist/PlaylistUpdateRequestDTO;)Lorg/springframework/http/ResponseEntity;" line="53"><counter type="INSTRUCTION" missed="7" covered="0"/><counter type="LINE" missed="1" covered="0"/><counter type="COMPLEXITY" missed="1" covered="0"/><counter type="METHOD" missed="1" covered="0"/></method><method name="deletePlaylist" desc="(Ljava/lang/Long;)Lorg/springframework/http/ResponseEntity;" line="59"><counter type="INSTRUCTION" missed="0" covered="7"/><counter type="LINE" missed="0" covered="2"/><counter type="COMPLEXITY" missed="0" covered="1"/><counter type="METHOD" missed="0" covered="1"/></method><method name="getPlaylistSongs" desc="(Ljava/lang/Long;)Lorg/springframework/http/ResponseEntity;" line="65"><counter type="INSTRUCTION" missed="6" covered="0"/><counter type="LINE" missed="1" covered="0"/><counter type="COMPLEXITY" missed="1" covered="0"/><counter type="METHOD" missed="1" covered="0"/></method><method name="addSongToPlaylist" desc="(Ljava/lang/Long;Lcom/musiguessr/backend/dto/playlist/PlaylistItemRequestDTO;)Lorg/springframework/http/ResponseEntity;" line="72"><counter type="INSTRUCTION" missed="0" covered="9"/><counter type="LINE" missed="0" covered="2"/><counter type="COMPLEXITY" missed="0" covered="1"/><counter type="METHOD" missed="0" covered="1"/></method><method name="addSongsToPlaylist" desc="(Ljava/lang/Long;Lcom/musiguessr/backend/dto/playlist/PlaylistBatchItemRequestDTO;)Lorg/springframework/http/ResponseEntity;" line="80"><counter type="INSTRUCTION" missed="9" covered="0"/><counter type="LINE" missed="2" covered="0"/><counter type="COMPLEXITY" missed="1" covered="0"/><counter type="METHOD" missed="1" covered="0"/></method><method name="removeSongFromPlaylist" desc="(Ljava/lang/Long;Ljava/lang/Long;)Lorg/springframework/http/ResponseEntity;" line="87"><counter type="INSTRUCTION" missed="8" covered="0"/><counter type="LINE" missed="2" covered="0"/><counter type="COMPLEXITY" missed="1" covered="0"/><counter type="METHOD" missed="1" covered="0"/></method><method name="reorder" desc="(Ljava/lang/Long;Lcom/musiguessr/backend/dto/playlist/PlaylistBatchItemRequestDTO;)Lorg/springframework/http/ResponseEntity;" line="95"><counter type="INSTRUCTION" missed="0" covered="8"/><counter type="LINE" missed="0" covered="2"/><counter type="COMPLEXITY" missed="0" covered="1"/><counter type="METHOD" missed="0" covered="1"/></method><counter type="INSTRUCTION" missed="36" covered="49"/><counter type="LINE" missed="7" covered="9"/><counter type="COMPLEXITY" missed="5" covered="6"/><counter type="METHOD" missed="5" covered="6"/><counter type="CLASS" missed="0" covered="1"/></class><class name="com/musiguessr/backend/controller/TournamentController" sourcefilename="TournamentController.java"><method name="getTournaments" desc="(Lcom/musiguessr/backend/model/TournamentState;IILjava/lang/String;Ljava/lang/String;)Lorg/springframework/http/ResponseEntity;" line="38"><counter type="INSTRUCTION" missed="0" covered="22"/><counter type="LINE" missed="0" covered="3"/><counter type="COMPLEXITY" missed="0" covered="1"/><counter type="METHOD" missed="0" covered="1"/></method><method name="getTournament" desc="(Ljava/lang/Long;)Lorg/springframework/http/ResponseEntity;" line="45"><counter type="INSTRUCTION" missed="6" covered="0"/><counter type="LINE" missed="1" covered="0"/><counter type="COMPLEXITY" missed="1" covered="0"/><counter type="METHOD" missed="1" covered="0"/></method><method name="createTournament" desc="(Lcom/musiguessr/backend/dto/tournament/TournamentCreateRequestDTO;)Lorg/springframework/http/ResponseEntity;" line="51"><counter type="INSTRUCTION" missed="0" covered="13"/><counter type="LINE" missed="0" covered="3"/><counter type="COMPLEXITY" missed="0" covered="1"/><counter type="METHOD" missed="0" covered="1"/></method><method name="updateTournament" desc="(Ljava/lang/Long;Lcom/musiguessr/backend/dto/tournament/TournamentUpdateRequestDTO;)Lorg/springframework/http/ResponseEntity;" line="62"><counter type="INSTRUCTION" missed="12" covered="0"/><counter type="LINE" missed="2" covered="0"/><counter type="COMPLEXITY" missed="1" covered="0"/><counter type="METHOD" missed="1" covered="0"/></method><method name="updateTournamentState" desc="(Ljava/lang/Long;Lcom/musiguessr/backend/dto/tournament/TournamentStateUpdateRequestDTO;)Lorg/springframework/http/ResponseEntity;" line="72"><counter type="INSTRUCTION" missed="0" covered="13"/><counter type="LINE" missed="0" covered="2"/><counter type="COMPLEXITY" missed="0" covered="1"/><counter type="METHOD" missed="0" covered="1"/></method><method name="joinTournament" desc="(Ljava/lang/Long;)Lorg/springframework/http/ResponseEntity;" line="78"><counter type="INSTRUCTION" missed="0" covered="11"/><counter type="LINE" missed="0" covered="2"/><counter type="COMPLEXITY" missed="0" covered="1"/><counter type="METHOD" missed="0" covered="1"/></method><method name="leaveTournament" desc="(Lorg/springframework/security/core/userdetails/UserDetails;Ljava/lang/Long;)Lorg/springframework/http/ResponseEntity;" line="87"><counter type="INSTRUCTION" missed="11" covered="0"/><counter type="LINE" missed="2" covered="0"/><counter type="COMPLEXITY" missed="1" covered="0"/><counter type="METHOD" missed="1" covered="0"/></method><method name="deleteTournament" desc="(Ljava/lang/Long;)Lorg/springframework/http/ResponseEntity;" line="94"><counter type="INSTRUCTION" missed="7" covered="0"/><counter type="LINE" missed="2" covered="0"/><counter type="COMPLEXITY" missed="1" covered="0"/><counter type="METHOD" missed="1" covered="0"/></method><method name="getParticipants" desc="(Ljava/lang/Long;)Lorg/springframework/http/ResponseEntity;" line="100"><counter type="INSTRUCTION" missed="0" covered="6"/><counter type="LINE" missed="0" covered="1"/><counter type="COMPLEXITY" missed="0" covered="1"/><counter type="METHOD" missed="0" covered="1"/></method><method name="getLeaderboard" desc="(Ljava/lang/Long;)Lorg/springframework/http/ResponseEntity;" line="105"><counter type="INSTRUCTION" missed="0" covered="6"/><counter type="LINE" missed="0" covered="1"/><counter type="COMPLEXITY" missed="0" covered="1"/><counter type="METHOD" missed="0" covered="1"/></method><counter type="INSTRUCTION" missed="36" covered="71"/><counter type="LINE" missed="7" covered="12"/><counter type="COMPLEXITY" missed="4" covered="6"/><counter type="METHOD" missed="4" covered="6"/><counter type="CLASS" missed="0" covered="1"/></class><class name="com/musiguessr/backend/controller/PostController" sourcefilename="PostController.java"><method name="shareGameHistory" desc="(Lcom/musiguessr/backend/dto/post/PostShareRequestDTO;)Lorg/springframework/http/ResponseEntity;" line="25"><counter type="INSTRUCTION" missed="0" covered="13"/><counter type="LINE" missed="0" covered="3"/><counter type="COMPLEXITY" missed="0" covered="1"/><counter type="METHOD" missed="0" covered="1"/></method><method name="getPost" desc="(Ljava/lang/Long;)Lorg/springframework/http/ResponseEntity;" line="32"><counter type="INSTRUCTION" missed="0" covered="6"/><counter type="LINE" missed="0" covered="1"/><counter type="COMPLEXITY" missed="0" covered="1"/><counter type="METHOD" missed="0" covered="1"/></method><method name="getUserPosts" desc="(Ljava/lang/Long;)Lorg/springframework/http/ResponseEntity;" line="37"><counter type="INSTRUCTION" missed="0" covered="6"/><counter type="LINE" missed="0" covered="1"/><counter type="COMPLEXITY" missed="0" covered="1"/><counter type="METHOD" missed="0" covered="1"/></method><method name="getMyPosts" desc="()Lorg/springframework/http/ResponseEntity;" line="42"><counter type="INSTRUCTION" missed="0" covered="10"/><counter type="LINE" missed="0" covered="2"/><counter type="COMPLEXITY" missed="0" covered="1"/><counter type="METHOD" missed="0" covered="1"/></method><method name="deletePost" desc="(Ljava/lang/Long;)Lorg/springframework/http/ResponseEntity;" line="48"><counter type="INSTRUCTION" missed="0" covered="12"/><counter type="LINE" missed="0" covered="3"/><counter type="COMPLEXITY" missed="0" covered="1"/><counter type="METHOD" missed="0" covered="1"/></method><counter type="INSTRUCTION" missed="0" covered="47"/><counter type="LINE" missed="0" covered="10"/><counter type="COMPLEXITY" missed="0" covered="5"/><counter type="METHOD" missed="0" covered="5"/><counter type="CLASS" missed="0" covered="1"/></class><sourcefile name="MusicController.java"><line nr="24" mi="0" ci="6" mb="0" cb="0"/><line nr="30" mi="0" ci="8" mb="0" cb="0"/><line nr="40" mi="0" ci="10" mb="0" cb="0"/><line nr="45" mi="6" ci="0" mb="0" cb="0"/><line nr="52" mi="0" ci="7" mb="0" cb="0"/><line nr="58" mi="0" ci="4" mb="0" cb="0"/><line nr="59" mi="0" ci="3" mb="0" cb="0"/><counter type="INSTRUCTION" missed="6" covered="38"/><counter type="LINE" missed="1" covered="6"/><counter type="COMPLEXITY" missed="1" covered="5"/><counter type="METHOD" missed="1" covered="5"/><counter type="CLASS" missed="0" covered="1"/></sourcefile><sourcefile name="FollowingController.java"><line nr="24" mi="0" ci="4" mb="0" cb="0"/><line nr="25" mi="0" ci="5" mb="0" cb="0"/><line nr="26" mi="0" ci="5" mb="0" cb="0"/><line nr="31" mi="0" ci="4" mb="0" cb="0"/><line nr="32" mi="0" ci="4" mb="0" cb="0"/><line nr="33" mi="0" ci="3" mb="0" cb="0"/><line nr="38" mi="0" ci="4" mb="0" cb="0"/><line nr="39" mi="0" ci="5" mb="0" cb="0"/><line nr="40" mi="0" ci="3" mb="0" cb="0"/><line nr="45" mi="0" ci="4" mb="0" cb="0"/><line nr="46" mi="0" ci="5" mb="0" cb="0"/><line nr="47" mi="0" ci="3" mb="0" cb="0"/><line nr="52" mi="0" ci="4" mb="0" cb="0"/><line nr="53" mi="0" ci="6" mb="0" cb="0"/><line nr="58" mi="0" ci="4" mb="0" cb="0"/><line nr="59" mi="0" ci="6" mb="0" cb="0"/><line nr="64" mi="0" ci="4" mb="0" cb="0"/><line nr="65" mi="0" ci="5" mb="0" cb="0"/><line nr="66" mi="0" ci="3" mb="0" cb="0"/><counter type="INSTRUCTION" missed="0" covered="81"/><counter type="LINE" missed="0" covered="19"/><counter type="COMPLEXITY" missed="0" covered="7"/><counter type="METHOD" missed="0" covered="7"/><counter type="CLASS" missed="0" covered="1"/></sourcefile><sourcefile name="ArtistController.java"><line nr="27" mi="0" ci="8" mb="0" cb="0"/><line nr="32" mi="0" ci="6" mb="0" cb="0"/><line nr="38" mi="0" ci="8" mb="0" cb="0"/><line nr="46" mi="0" ci="7" mb="0" cb="0"/><line nr="52" mi="0" ci="4" mb="0" cb="0"/><line nr="53" mi="0" ci="3" mb="0" cb="0"/><counter type="INSTRUCTION" missed="0" covered="36"/><counter type="LINE" missed="0" covered="6"/><counter type="COMPLEXITY" missed="0" covered="5"/><counter type="METHOD" missed="0" covered="5"/><counter type="CLASS" missed="0" covered="1"/></sourcefile><sourcefile name="AuthController.java"><line nr="30" mi="0" ci="8" mb="0" cb="0"/><line nr="35" mi="0" ci="6" mb="0" cb="0"/><line nr="40" mi="4" ci="0" mb="0" cb="0"/><line nr="41" mi="3" ci="0" mb="0" cb="0"/><line nr="46" mi="0" ci="6" mb="0" cb="0"/><counter type="INSTRUCTION" missed="7" covered="20"/><counter type="LINE" missed="2" covered="3"/><counter type="COMPLEXITY" missed="1" covered="3"/><counter type="METHOD" missed="1" covered="3"/><counter type="CLASS" missed="0" covered="1"/></sourcefile><sourcefile name="LeaderboardController.java"><line nr="21" mi="0" ci="5" mb="0" cb="0"/><line nr="28" mi="0" ci="6" mb="0" cb="0"/><line nr="35" mi="0" ci="6" mb="0" cb="0"/><line nr="40" mi="0" ci="4" mb="0" cb="0"/><line nr="41" mi="0" ci="6" mb="0" cb="0"/><counter type="INSTRUCTION" missed="0" covered="27"/><counter type="LINE" missed="0" covered="5"/><counter type="COMPLEXITY" missed="0" covered="4"/><counter type="METHOD" missed="0" covered="4"/><counter type="CLASS" missed="0" covered="1"/></sourcefile><sourcefile name="PlaylistController.java"><line nr="29" mi="0" ci="9" mb="0" cb="0"/><line nr="34" mi="6" ci="0" mb="0" cb="0"/><line nr="40" mi="0" ci="8" mb="0" cb="0"/><line nr="46" mi="0" ci="8" mb="0" cb="0"/><line nr="53" mi="7" ci="0" mb="0" cb="0"/><line nr="59" mi="0" ci="4" mb="0" cb="0"/><line nr="60" mi="0" ci="3" mb="0" cb="0"/><line nr="65" mi="6" ci="0" mb="0" cb="0"/><line nr="72" mi="0" ci="5" mb="0" cb="0"/><line nr="73" mi="0" ci="4" mb="0" cb="0"/><line nr="80" mi="5" ci="0" mb="0" cb="0"/><line nr="81" mi="4" ci="0" mb="0" cb="0"/><line nr="87" mi="5" ci="0" mb="0" cb="0"/><line nr="88" mi="3" ci="0" mb="0" cb="0"/><line nr="95" mi="0" ci="5" mb="0" cb="0"/><line nr="96" mi="0" ci="3" mb="0" cb="0"/><counter type="INSTRUCTION" missed="36" covered="49"/><counter type="LINE" missed="7" covered="9"/><counter type="COMPLEXITY" missed="5" covered="6"/><counter type="METHOD" missed="5" covered="6"/><counter type="CLASS" missed="0" covered="1"/></sourcefile><sourcefile name="PostController.java"><line nr="25" mi="0" ci="4" mb="0" cb="0"/><line nr="26" mi="0" ci="7" mb="0" cb="0"/><line nr="27" mi="0" ci="2" mb="0" cb="0"/><line nr="32" mi="0" ci="6" mb="0" cb="0"/><line nr="37" mi="0" ci="6" mb="0" cb="0"/><line nr="42" mi="0" ci="4" mb="0" cb="0"/><line nr="43" mi="0" ci="6" mb="0" cb="0"/><line nr="48" mi="0" ci="4" mb="0" cb="0"/><line nr="49" mi="0" ci="5" mb="0" cb="0"/><line nr="50" mi="0" ci="3" mb="0" cb="0"/><counter type="INSTRUCTION" missed="0" covered="47"/><counter type="LINE" missed="0" covered="10"/><counter type="COMPLEXITY" missed="0" covered="5"/><counter type="METHOD" missed="0" covered="5"/><counter type="CLASS" missed="0" covered="1"/></sourcefile><sourcefile name="GameController.java"><line nr="19" mi="0" ci="7" mb="0" cb="0"/><line nr="26" mi="0" ci="8" mb="0" cb="0"/><line nr="31" mi="0" ci="6" mb="0" cb="0"/><line nr="36" mi="0" ci="6" mb="0" cb="0"/><line nr="42" mi="0" ci="7" mb="0" cb="0"/><line nr="47" mi="0" ci="6" mb="0" cb="0"/><counter type="INSTRUCTION" missed="0" covered="40"/><counter type="LINE" missed="0" covered="6"/><counter type="COMPLEXITY" missed="0" covered="6"/><counter type="METHOD" missed="0" covered="6"/><counter type="CLASS" missed="0" covered="1"/></sourcefile><sourcefile name="TournamentController.java"><line nr="38" mi="0" ci="3" mb="0" cb="0"/><line nr="39" mi="0" ci="12" mb="0" cb="0"/><line nr="40" mi="0" ci="7" mb="0" cb="0"/><line nr="45" mi="6" ci="0" mb="0" cb="0"/><line nr="51" mi="0" ci="4" mb="0" cb="0"/><line nr="52" mi="0" ci="7" mb="0" cb="0"/><line nr="53" mi="0" ci="2" mb="0" cb="0"/><line nr="62" mi="4" ci="0" mb="0" cb="0"/><line nr="63" mi="8" ci="0" mb="0" cb="0"/><line nr="72" mi="0" ci="4" mb="0" cb="0"/><line nr="73" mi="0" ci="9" mb="0" cb="0"/><line nr="78" mi="0" ci="4" mb="0" cb="0"/><line nr="79" mi="0" ci="7" mb="0" cb="0"/><line nr="87" mi="4" ci="0" mb="0" cb="0"/><line nr="88" mi="7" ci="0" mb="0" cb="0"/><line nr="94" mi="4" ci="0" mb="0" cb="0"/><line nr="95" mi="3" ci="0" mb="0" cb="0"/><line nr="100" mi="0" ci="6" mb="0" cb="0"/><line nr="105" mi="0" ci="6" mb="0" cb="0"/><counter type="INSTRUCTION" missed="36" covered="71"/><counter type="LINE" missed="7" covered="12"/><counter type="COMPLEXITY" missed="4" covered="6"/><counter type="METHOD" missed="4" covered="6"/><counter type="CLASS" missed="0" covered="1"/></sourcefile><sourcefile name="GenreController.java"><line nr="27" mi="0" ci="8" mb="0" cb="0"/><line nr="32" mi="0" ci="6" mb="0" cb="0"/><line nr="38" mi="0" ci="8" mb="0" cb="0"/><line nr="45" mi="0" ci="7" mb="0" cb="0"/><line nr="51" mi="0" ci="4" mb="0" cb="0"/><line nr="52" mi="0" ci="3" mb="0" cb="0"/><counter type="INSTRUCTION" missed="0" covered="36"/><counter type="LINE" missed="0" covered="6"/><counter type="COMPLEXITY" missed="0" covered="5"/><counter type="METHOD" missed="0" covered="5"/><counter type="CLASS" missed="0" covered="1"/></sourcefile><sourcefile name="UserController.java"><line nr="29" mi="0" ci="6" mb="0" cb="0"/><line nr="34" mi="0" ci="5" mb="0" cb="0"/><line nr="40" mi="0" ci="4" mb="0" cb="0"/><line nr="41" mi="0" ci="6" mb="0" cb="0"/><line nr="49" mi="0" ci="8" mb="0" cb="0"/><line nr="54" mi="0" ci="4" mb="0" cb="0"/><line nr="55" mi="0" ci="7" mb="0" cb="0"/><line nr="61" mi="0" ci="4" mb="0" cb="0"/><line nr="62" mi="0" ci="8" mb="0" cb="0"/><line nr="63" mi="0" ci="3" mb="0" cb="0"/><line nr="69" mi="0" ci="4" mb="0" cb="0"/><line nr="70" mi="0" ci="10" mb="0" cb="0"/><line nr="76" mi="0" ci="4" mb="0" cb="0"/><line nr="77" mi="0" ci="8" mb="0" cb="0"/><line nr="82" mi="4" ci="0" mb="0" cb="0"/><line nr="83" mi="6" ci="0" mb="0" cb="0"/><line nr="88" mi="4" ci="0" mb="0" cb="0"/><line nr="89" mi="6" ci="0" mb="0" cb="0"/><line nr="94" mi="4" ci="0" mb="0" cb="0"/><line nr="95" mi="6" ci="0" mb="0" cb="0"/><counter type="INSTRUCTION" missed="30" covered="81"/><counter type="LINE" missed="6" covered="14"/><counter type="COMPLEXITY" missed="3" covered="8"/><counter type="METHOD" missed="3" covered="8"/><counter type="CLASS" missed="0" covered="1"/></sourcefile><counter type="INSTRUCTION" missed="115" covered="526"/><counter type="LINE" missed="23" covered="96"/><counter type="COMPLEXITY" missed="14" covered="60"/><counter type="METHOD" missed="14" covered="60"/><counter type="CLASS" missed="0" covered="11"/></package><package name="com/musiguessr/backend/dto/auth"><class name="com/musiguessr/backend/dto/auth/AuthResponseDTO" sourcefilename="AuthResponseDTO.java"><method name="&lt;init&gt;" desc="(Ljava/lang/String;Ljava/lang/Long;Ljava/lang/String;Ljava/lang/String;Lcom/musiguessr/backend/model/UserRole;Ljava/lang/String;Ljava/lang/String;)V" line="29"><counter type="INSTRUCTION" missed="0" covered="28"/><counter type="LINE" missed="0" covered="10"/><counter type="COMPLEXITY" missed="0" covered="1"/><counter type="METHOD" missed="0" covered="1"/></method><counter type="INSTRUCTION" missed="0" covered="28"/><counter type="LINE" missed="0" covered="10"/><counter type="COMPLEXITY" missed="0" covered="1"/><counter type="METHOD" missed="0" covered="1"/><counter type="CLASS" missed="0" covered="1"/></class><class name="com/musiguessr/backend/dto/auth/LogoutRequestDTO" sourcefilename="LogoutRequestDTO.java"/><class name="com/musiguessr/backend/dto/auth/LoginRequestDTO" sourcefilename="LoginRequestDTO.java"/><class name="com/musiguessr/backend/dto/auth/RegisterRequestDTO" sourcefilename="RegisterRequestDTO.java"/><sourcefile name="RegisterRequestDTO.java"/><sourcefile name="LoginRequestDTO.java"/><sourcefile name="AuthResponseDTO.java"><line nr="29" mi="0" ci="2" mb="0" cb="0"/><line nr="30" mi="0" ci="3" mb="0" cb="0"/><line nr="31" mi="0" ci="3" mb="0" cb="0"/><line nr="32" mi="0" ci="3" mb="0" cb="0"/><line nr="33" mi="0" ci="3" mb="0" cb="0"/><line nr="34" mi="0" ci="4" mb="0" cb="0"/><line nr="35" mi="0" ci="3" mb="0" cb="0"/><line nr="36" mi="0" ci="3" mb="0" cb="0"/><line nr="37" mi="0" ci="3" mb="0" cb="0"/><line nr="38" mi="0" ci="1" mb="0" cb="0"/><counter type="INSTRUCTION" missed="0" covered="28"/><counter type="LINE" missed="0" covered="10"/><counter type="COMPLEXITY" missed="0" covered="1"/><counter type="METHOD" missed="0" covered="1"/><counter type="CLASS" missed="0" covered="1"/></sourcefile><sourcefile name="LogoutRequestDTO.java"/><counter type="INSTRUCTION" missed="0" covered="28"/><counter type="LINE" missed="0" covered="10"/><counter type="COMPLEXITY" missed="0" covered="1"/><counter type="METHOD" missed="0" covered="1"/><counter type="CLASS" missed="0" covered="1"/></package><package name="com/musiguessr/backend/dto/leaderboard"><class name="com/musiguessr/backend/dto/leaderboard/LeaderboardEntryDTO" sourcefilename="LeaderboardEntryDTO.java"/><sourcefile name="LeaderboardEntryDTO.java"/></package><package name="com/musiguessr/backend/dto/music"><class name="com/musiguessr/backend/dto/music/MusicResponseDTO" sourcefilename="MusicResponseDTO.java"/><class name="com/musiguessr/backend/dto/music/UploadConfirmResponseDTO" sourcefilename="UploadConfirmResponseDTO.java"/><class name="com/musiguessr/backend/dto/music/PresignRequestDTO" sourcefilename="PresignRequestDTO.java"/><class name="com/musiguessr/backend/dto/music/PresignResponseDTO" sourcefilename="PresignResponseDTO.java"/><class name="com/musiguessr/backend/dto/music/UploadConfirmRequestDTO" sourcefilename="UploadConfirmRequestDTO.java"/><class name="com/musiguessr/backend/dto/music/MusicRequestDTO" sourcefilename="MusicRequestDTO.java"/><sourcefile name="MusicResponseDTO.java"/><sourcefile name="MusicRequestDTO.java"/><sourcefile name="PresignRequestDTO.java"/><sourcefile name="UploadConfirmRequestDTO.java"/><sourcefile name="PresignResponseDTO.java"/><sourcefile name="UploadConfirmResponseDTO.java"/></package><package name="com/musiguessr/backend/dto/following"><class name="com/musiguessr/backend/dto/following/FollowRequestDTO" sourcefilename="FollowRequestDTO.java"/><class name="com/musiguessr/backend/dto/following/FollowFriendDTO" sourcefilename="FollowFriendDTO.java"/><sourcefile name="FollowFriendDTO.java"/><sourcefile name="FollowRequestDTO.java"/></package><package name="com/musiguessr/backend/service"><class name="com/musiguessr/backend/service/ArtistService" sourcefilename="ArtistService.java"><method name="getArtists" desc="(Ljava/lang/String;Ljava/lang/Integer;Ljava/lang/Integer;)Ljava/util/List;" line="25"><counter type="INSTRUCTION" missed="4" covered="46"/><counter type="BRANCH" missed="5" covered="5"/><counter type="LINE" missed="0" covered="9"/><counter type="COMPLEXITY" missed="5" covered="1"/><counter type="METHOD" missed="0" covered="1"/></method><method name="getArtistById" desc="(Ljava/lang/Long;)Lcom/musiguessr/backend/dto/artist/ArtistResponseDTO;" line="42"><counter type="INSTRUCTION" missed="12" covered="0"/><counter type="LINE" missed="3" covered="0"/><counter type="COMPLEXITY" missed="1" covered="0"/><counter type="METHOD" missed="1" covered="0"/></method><method name="createArtist" desc="(Lcom/musiguessr/backend/dto/artist/ArtistRequestDTO;)Lcom/musiguessr/backend/dto/artist/ArtistResponseDTO;" line="50"><counter type="INSTRUCTION" missed="0" covered="31"/><counter type="BRANCH" missed="0" covered="2"/><counter type="LINE" missed="0" covered="6"/><counter type="COMPLEXITY" missed="0" covered="2"/><counter type="METHOD" missed="0" covered="1"/></method><method name="updateArtist" desc="(Ljava/lang/Long;Lcom/musiguessr/backend/dto/artist/ArtistRequestDTO;)Lcom/musiguessr/backend/dto/artist/ArtistResponseDTO;" line="64"><counter type="INSTRUCTION" missed="43" covered="5"/><counter type="BRANCH" missed="8" covered="0"/><counter type="LINE" missed="8" covered="1"/><counter type="COMPLEXITY" missed="4" covered="1"/><counter type="METHOD" missed="0" covered="1"/></method><method name="deleteArtist" desc="(Ljava/lang/Long;)V" line="83"><counter type="INSTRUCTION" missed="13" covered="0"/><counter type="LINE" missed="4" covered="0"/><counter type="COMPLEXITY" missed="1" covered="0"/><counter type="METHOD" missed="1" covered="0"/></method><method name="mapToDTO" desc="(Lcom/musiguessr/backend/model/Artist;)Lcom/musiguessr/backend/dto/artist/ArtistResponseDTO;" line="90"><counter type="INSTRUCTION" missed="0" covered="8"/><counter type="LINE" missed="0" covered="1"/><counter type="COMPLEXITY" missed="0" covered="1"/><counter type="METHOD" missed="0" covered="1"/></method><method name="mapToDTO" desc="(Ljava/lang/String;Lcom/musiguessr/backend/model/Artist;)Lcom/musiguessr/backend/dto/artist/ArtistResponseDTO;" line="94"><counter type="INSTRUCTION" missed="0" covered="9"/><counter type="LINE" missed="0" covered="1"/><counter type="COMPLEXITY" missed="0" covered="1"/><counter type="METHOD" missed="0" covered="1"/></method><method name="lambda$deleteArtist$3" desc="()Lorg/springframework/web/server/ResponseStatusException;" line="84"><counter type="INSTRUCTION" missed="6" covered="0"/><counter type="LINE" missed="1" covered="0"/><counter type="COMPLEXITY" missed="1" covered="0"/><counter type="METHOD" missed="1" covered="0"/></method><method name="lambda$updateArtist$2" desc="()Lorg/springframework/web/server/ResponseStatusException;" line="65"><counter type="INSTRUCTION" missed="0" covered="6"/><counter type="LINE" missed="0" covered="1"/><counter type="COMPLEXITY" missed="0" covered="1"/><counter type="METHOD" missed="0" covered="1"/></method><method name="lambda$getArtistById$1" desc="()Lorg/springframework/web/server/ResponseStatusException;" line="43"><counter type="INSTRUCTION" missed="6" covered="0"/><counter type="LINE" missed="1" covered="0"/><counter type="COMPLEXITY" missed="1" covered="0"/><counter type="METHOD" missed="1" covered="0"/></method><method name="lambda$getArtists$0" desc="(Ljava/lang/String;Lcom/musiguessr/backend/model/Artist;)Z" line="29"><counter type="INSTRUCTION" missed="1" covered="12"/><counter type="BRANCH" missed="2" covered="2"/><counter type="LINE" missed="0" covered="1"/><counter type="COMPLEXITY" missed="2" covered="1"/><counter type="METHOD" missed="0" covered="1"/></method><counter type="INSTRUCTION" missed="85" covered="117"/><counter type="BRANCH" missed="15" covered="9"/><counter type="LINE" missed="14" covered="19"/><counter type="COMPLEXITY" missed="15" covered="8"/><counter type="METHOD" missed="4" covered="7"/><counter type="CLASS" missed="0" covered="1"/></class><class name="com/musiguessr/backend/service/UserService" sourcefilename="UserService.java"><method name="getUser" desc="(Ljava/lang/Long;)Lcom/musiguessr/backend/dto/UserResponseDTO;" line="44"><counter type="INSTRUCTION" missed="0" covered="12"/><counter type="LINE" missed="0" covered="3"/><counter type="COMPLEXITY" missed="0" covered="1"/><counter type="METHOD" missed="0" covered="1"/></method><method name="updateUser" desc="(Ljava/lang/Long;Lcom/musiguessr/backend/dto/user/UserUpdateRequestDTO;)Lcom/musiguessr/backend/dto/UserResponseDTO;" line="51"><counter type="INSTRUCTION" missed="0" covered="25"/><counter type="BRANCH" missed="1" covered="1"/><counter type="LINE" missed="0" covered="6"/><counter type="COMPLEXITY" missed="1" covered="1"/><counter type="METHOD" missed="0" covered="1"/></method><method name="updateUserRole" desc="(Ljava/lang/Long;Lcom/musiguessr/backend/model/UserRole;)Lcom/musiguessr/backend/dto/UserResponseDTO;" line="64"><counter type="INSTRUCTION" missed="21" covered="0"/><counter type="LINE" missed="5" covered="0"/><counter type="COMPLEXITY" missed="1" covered="0"/><counter type="METHOD" missed="1" covered="0"/></method><method name="updatePassword" desc="(Ljava/lang/Long;Ljava/lang/String;Ljava/lang/String;)V" line="74"><counter type="INSTRUCTION" missed="0" covered="33"/><counter type="BRANCH" missed="0" covered="2"/><counter type="LINE" missed="0" covered="7"/><counter type="COMPLEXITY" missed="0" covered="2"/><counter type="METHOD" missed="0" covered="1"/></method><method name="presignProfilePicture" desc="(Ljava/lang/Long;Ljava/lang/String;Ljava/lang/String;)Lcom/musiguessr/backend/dto/user/ProfilePicturePresignResponseDTO;" line="86"><counter type="INSTRUCTION" missed="6" covered="68"/><counter type="BRANCH" missed="1" covered="5"/><counter type="LINE" missed="1" covered="11"/><counter type="COMPLEXITY" missed="1" covered="3"/><counter type="METHOD" missed="0" covered="1"/></method><method name="confirmProfilePicture" desc="(Ljava/lang/Long;Ljava/lang/String;)Lcom/musiguessr/backend/dto/UserResponseDTO;" line="112"><counter type="INSTRUCTION" missed="0" covered="57"/><counter type="BRANCH" missed="2" covered="4"/><counter type="LINE" missed="0" covered="11"/><counter type="COMPLEXITY" missed="2" covered="2"/><counter type="METHOD" missed="0" covered="1"/></method><method name="deleteUser" desc="(Ljava/lang/Long;)V" line="134"><counter type="INSTRUCTION" missed="16" covered="0"/><counter type="BRANCH" missed="2" covered="0"/><counter type="LINE" missed="4" covered="0"/><counter type="COMPLEXITY" missed="2" covered="0"/><counter type="METHOD" missed="1" covered="0"/></method><method name="listUsers" desc="()Ljava/util/List;" line="142"><counter type="INSTRUCTION" missed="9" covered="0"/><counter type="LINE" missed="3" covered="0"/><counter type="COMPLEXITY" missed="1" covered="0"/><counter type="METHOD" missed="1" covered="0"/></method><method name="getProfile" desc="(Ljava/lang/Long;)Lcom/musiguessr/backend/dto/MeProfileDTO;" line="149"><counter type="INSTRUCTION" missed="37" covered="0"/><counter type="BRANCH" missed="2" covered="0"/><counter type="LINE" missed="14" covered="0"/><counter type="COMPLEXITY" missed="2" covered="0"/><counter type="METHOD" missed="1" covered="0"/></method><method name="getGameHistory" desc="(Ljava/lang/Long;)Ljava/util/List;" line="169"><counter type="INSTRUCTION" missed="9" covered="0"/><counter type="LINE" missed="3" covered="0"/><counter type="COMPLEXITY" missed="1" covered="0"/><counter type="METHOD" missed="1" covered="0"/></method><method name="getTournamentHistory" desc="(Ljava/lang/Long;)Ljava/util/List;" line="182"><counter type="INSTRUCTION" missed="9" covered="0"/><counter type="LINE" missed="3" covered="0"/><counter type="COMPLEXITY" missed="1" covered="0"/><counter type="METHOD" missed="1" covered="0"/></method><method name="toDto" desc="(Lcom/musiguessr/backend/model/User;)Lcom/musiguessr/backend/dto/UserResponseDTO;" line="197"><counter type="INSTRUCTION" missed="0" covered="19"/><counter type="LINE" missed="0" covered="8"/><counter type="COMPLEXITY" missed="0" covered="1"/><counter type="METHOD" missed="0" covered="1"/></method><method name="lambda$getTournamentHistory$7" desc="(Lcom/musiguessr/backend/repository/UserRepository$TournamentHistoryProjection;)Lcom/musiguessr/backend/dto/TournamentHistoryDTO;" line="183"><counter type="INSTRUCTION" missed="28" covered="0"/><counter type="BRANCH" missed="4" covered="0"/><counter type="LINE" missed="10" covered="0"/><counter type="COMPLEXITY" missed="3" covered="0"/><counter type="METHOD" missed="1" covered="0"/></method><method name="lambda$getGameHistory$6" desc="(Lcom/musiguessr/backend/repository/UserRepository$GameHistoryProjection;)Lcom/musiguessr/backend/dto/GameHistoryDTO;" line="170"><counter type="INSTRUCTION" missed="19" covered="0"/><counter type="BRANCH" missed="2" covered="0"/><counter type="LINE" missed="7" covered="0"/><counter type="COMPLEXITY" missed="2" covered="0"/><counter type="METHOD" missed="1" covered="0"/></method><method name="lambda$getProfile$5" desc="()Lorg/springframework/web/server/ResponseStatusException;" line="150"><counter type="INSTRUCTION" missed="6" covered="0"/><counter type="LINE" missed="1" covered="0"/><counter type="COMPLEXITY" missed="1" covered="0"/><counter type="METHOD" missed="1" covered="0"/></method><method name="lambda$confirmProfilePicture$4" desc="()Lorg/springframework/web/server/ResponseStatusException;" line="117"><counter type="INSTRUCTION" missed="6" covered="0"/><counter type="LINE" missed="1" covered="0"/><counter type="COMPLEXITY" missed="1" covered="0"/><counter type="METHOD" missed="1" covered="0"/></method><method name="lambda$updatePassword$3" desc="()Lorg/springframework/web/server/ResponseStatusException;" line="75"><counter type="INSTRUCTION" missed="6" covered="0"/><counter type="LINE" missed="1" covered="0"/><counter type="COMPLEXITY" missed="1" covered="0"/><counter type="METHOD" missed="1" covered="0"/></method><method name="lambda$updateUserRole$2" desc="()Lorg/springframework/web/server/ResponseStatusException;" line="65"><counter type="INSTRUCTION" missed="6" covered="0"/><counter type="LINE" missed="1" covered="0"/><counter type="COMPLEXITY" missed="1" covered="0"/><counter type="METHOD" missed="1" covered="0"/></method><method name="lambda$updateUser$1" desc="()Lorg/springframework/web/server/ResponseStatusException;" line="52"><counter type="INSTRUCTION" missed="6" covered="0"/><counter type="LINE" missed="1" covered="0"/><counter type="COMPLEXITY" missed="1" covered="0"/><counter type="METHOD" missed="1" covered="0"/></method><method name="lambda$getUser$0" desc="()Lorg/springframework/web/server/ResponseStatusException;" line="45"><counter type="INSTRUCTION" missed="0" covered="6"/><counter type="LINE" missed="0" covered="1"/><counter type="COMPLEXITY" missed="0" covered="1"/><counter type="METHOD" missed="0" covered="1"/></method><method name="&lt;clinit&gt;" desc="()V" line="29"><counter type="INSTRUCTION" missed="0" covered="13"/><counter type="LINE" missed="0" covered="1"/><counter type="COMPLEXITY" missed="0" covered="1"/><counter type="METHOD" missed="0" covered="1"/></method><counter type="INSTRUCTION" missed="184" covered="233"/><counter type="BRANCH" missed="14" covered="12"/><counter type="LINE" missed="48" covered="47"/><counter type="COMPLEXITY" missed="22" covered="12"/><counter type="METHOD" missed="13" covered="8"/><counter type="CLASS" missed="0" covered="1"/></class><class name="com/musiguessr/backend/service/GameService" sourcefilename="GameService.java"><method name="createGame" desc="()Lcom/musiguessr/backend/dto/game/GameResponseDTO;" line="39"><counter type="INSTRUCTION" missed="6" covered="53"/><counter type="BRANCH" missed="1" covered="1"/><counter type="LINE" missed="1" covered="10"/><counter type="COMPLEXITY" missed="1" covered="1"/><counter type="METHOD" missed="0" covered="1"/></method><method name="createTournamentGame" desc="(Ljava/lang/Long;)Lcom/musiguessr/backend/dto/game/GameResponseDTO;" line="61"><counter type="INSTRUCTION" missed="18" covered="97"/><counter type="BRANCH" missed="5" covered="7"/><counter type="LINE" missed="3" covered="20"/><counter type="COMPLEXITY" missed="5" covered="2"/><counter type="METHOD" missed="0" covered="1"/></method><method name="startGame" desc="(Ljava/lang/Long;)Lcom/musiguessr/backend/dto/game/GameStartDTO;" line="107"><counter type="INSTRUCTION" missed="12" covered="90"/><counter type="BRANCH" missed="2" covered="2"/><counter type="LINE" missed="2" covered="21"/><counter type="COMPLEXITY" missed="2" covered="1"/><counter type="METHOD" missed="0" covered="1"/></method><method name="skip" desc="(Ljava/lang/Long;)Lcom/musiguessr/backend/dto/game/GameRoundResultDTO;" line="143"><counter type="INSTRUCTION" missed="6" covered="0"/><counter type="LINE" missed="1" covered="0"/><counter type="COMPLEXITY" missed="1" covered="0"/><counter type="METHOD" missed="1" covered="0"/></method><method name="guess" desc="(Ljava/lang/Long;Lcom/musiguessr/backend/dto/game/GameRoundGuessDTO;)Lcom/musiguessr/backend/dto/game/GameRoundResultDTO;" line="148"><counter type="INSTRUCTION" missed="0" covered="18"/><counter type="LINE" missed="0" covered="3"/><counter type="COMPLEXITY" missed="0" covered="1"/><counter type="METHOD" missed="0" covered="1"/></method><method name="finish" desc="(Ljava/lang/Long;)Lcom/musiguessr/backend/dto/game/GameResultDTO;" line="156"><counter type="INSTRUCTION" missed="12" covered="112"/><counter type="BRANCH" missed="4" covered="6"/><counter type="LINE" missed="2" covered="25"/><counter type="COMPLEXITY" missed="4" covered="2"/><counter type="METHOD" missed="0" covered="1"/></method><method name="getUserId" desc="()Ljava/lang/Long;" line="204"><counter type="INSTRUCTION" missed="10" covered="31"/><counter type="BRANCH" missed="5" covered="5"/><counter type="LINE" missed="2" covered="8"/><counter type="COMPLEXITY" missed="5" covered="1"/><counter type="METHOD" missed="0" covered="1"/></method><method name="ensureOwnedGame" desc="(Ljava/lang/Long;)Lcom/musiguessr/backend/model/Game;" line="226"><counter type="INSTRUCTION" missed="6" covered="28"/><counter type="BRANCH" missed="3" covered="3"/><counter type="LINE" missed="1" covered="6"/><counter type="COMPLEXITY" missed="3" covered="1"/><counter type="METHOD" missed="0" covered="1"/></method><method name="validateGameState" desc="(Lcom/musiguessr/backend/model/Game;)V" line="241"><counter type="INSTRUCTION" missed="12" covered="9"/><counter type="BRANCH" missed="2" covered="2"/><counter type="LINE" missed="2" covered="3"/><counter type="COMPLEXITY" missed="2" covered="1"/><counter type="METHOD" missed="0" covered="1"/></method><method name="createRound" desc="(Ljava/lang/Long;ILjava/lang/String;)V" line="249"><counter type="INSTRUCTION" missed="0" covered="35"/><counter type="LINE" missed="0" covered="10"/><counter type="COMPLEXITY" missed="0" covered="1"/><counter type="METHOD" missed="0" covered="1"/></method><method name="processRoundResult" desc="(Ljava/lang/Long;Ljava/lang/String;J)Lcom/musiguessr/backend/dto/game/GameRoundResultDTO;" line="261"><counter type="INSTRUCTION" missed="7" covered="95"/><counter type="BRANCH" missed="3" covered="7"/><counter type="LINE" missed="1" covered="18"/><counter type="COMPLEXITY" missed="3" covered="3"/><counter type="METHOD" missed="0" covered="1"/></method><method name="prepareNextRound" desc="(Lcom/musiguessr/backend/model/Game;Lcom/musiguessr/backend/model/GameHistory;IZI)Lcom/musiguessr/backend/dto/game/GameRoundResultDTO;" line="293"><counter type="INSTRUCTION" missed="9" covered="77"/><counter type="BRANCH" missed="3" covered="3"/><counter type="LINE" missed="2" covered="19"/><counter type="COMPLEXITY" missed="3" covered="1"/><counter type="METHOD" missed="0" covered="1"/></method><method name="scoreForElapsed" desc="(J)I" line="330"><counter type="INSTRUCTION" missed="0" covered="29"/><counter type="LINE" missed="0" covered="6"/><counter type="COMPLEXITY" missed="0" covered="1"/><counter type="METHOD" missed="0" covered="1"/></method><method name="lambda$prepareNextRound$9" desc="()Lorg/springframework/web/server/ResponseStatusException;" line="316"><counter type="INSTRUCTION" missed="6" covered="0"/><counter type="LINE" missed="1" covered="0"/><counter type="COMPLEXITY" missed="1" covered="0"/><counter type="METHOD" missed="1" covered="0"/></method><method name="lambda$processRoundResult$8" desc="()Lorg/springframework/web/server/ResponseStatusException;" line="268"><counter type="INSTRUCTION" missed="6" covered="0"/><counter type="LINE" missed="1" covered="0"/><counter type="COMPLEXITY" missed="1" covered="0"/><counter type="METHOD" missed="1" covered="0"/></method><method name="lambda$processRoundResult$7" desc="()Lorg/springframework/web/server/ResponseStatusException;" line="265"><counter type="INSTRUCTION" missed="6" covered="0"/><counter type="LINE" missed="1" covered="0"/><counter type="COMPLEXITY" missed="1" covered="0"/><counter type="METHOD" missed="1" covered="0"/></method><method name="lambda$ensureOwnedGame$6" desc="()Lorg/springframework/web/server/ResponseStatusException;" line="227"><counter type="INSTRUCTION" missed="6" covered="0"/><counter type="LINE" missed="1" covered="0"/><counter type="COMPLEXITY" missed="1" covered="0"/><counter type="METHOD" missed="1" covered="0"/></method><method name="lambda$finish$5" desc="()Lorg/springframework/web/server/ResponseStatusException;" line="181"><counter type="INSTRUCTION" missed="6" covered="0"/><counter type="LINE" missed="1" covered="0"/><counter type="COMPLEXITY" missed="1" covered="0"/><counter type="METHOD" missed="1" covered="0"/></method><method name="lambda$finish$4" desc="()Lorg/springframework/web/server/ResponseStatusException;" line="173"><counter type="INSTRUCTION" missed="6" covered="0"/><counter type="LINE" missed="1" covered="0"/><counter type="COMPLEXITY" missed="1" covered="0"/><counter type="METHOD" missed="1" covered="0"/></method><method name="lambda$finish$3" desc="()Lorg/springframework/web/server/ResponseStatusException;" line="165"><counter type="INSTRUCTION" missed="6" covered="0"/><counter type="LINE" missed="1" covered="0"/><counter type="COMPLEXITY" missed="1" covered="0"/><counter type="METHOD" missed="1" covered="0"/></method><method name="lambda$guess$2" desc="()Lorg/springframework/web/server/ResponseStatusException;" line="149"><counter type="INSTRUCTION" missed="6" covered="0"/><counter type="LINE" missed="1" covered="0"/><counter type="COMPLEXITY" missed="1" covered="0"/><counter type="METHOD" missed="1" covered="0"/></method><method name="lambda$startGame$1" desc="()Lorg/springframework/web/server/ResponseStatusException;" line="116"><counter type="INSTRUCTION" missed="6" covered="0"/><counter type="LINE" missed="1" covered="0"/><counter type="COMPLEXITY" missed="1" covered="0"/><counter type="METHOD" missed="1" covered="0"/></method><method name="lambda$createTournamentGame$0" desc="()Lorg/springframework/web/server/ResponseStatusException;" line="62"><counter type="INSTRUCTION" missed="6" covered="0"/><counter type="LINE" missed="1" covered="0"/><counter type="COMPLEXITY" missed="1" covered="0"/><counter type="METHOD" missed="1" covered="0"/></method><counter type="INSTRUCTION" missed="158" covered="674"/><counter type="BRANCH" missed="28" covered="36"/><counter type="LINE" missed="17" covered="149"/><counter type="COMPLEXITY" missed="39" covered="16"/><counter type="METHOD" missed="11" covered="12"/><counter type="CLASS" missed="0" covered="1"/></class><class name="com/musiguessr/backend/service/FollowingService" sourcefilename="FollowingService.java"><method name="sendFollowRequest" desc="(Ljava/lang/Long;Ljava/lang/Long;)V" line="27"><counter type="INSTRUCTION" missed="4" covered="109"/><counter type="BRANCH" missed="2" covered="8"/><counter type="LINE" missed="2" covered="24"/><counter type="COMPLEXITY" missed="2" covered="4"/><counter type="METHOD" missed="0" covered="1"/></method><method name="markInboxSeen" desc="(Ljava/lang/Long;)V" line="62"><counter type="INSTRUCTION" missed="0" covered="20"/><counter type="LINE" missed="0" covered="7"/><counter type="COMPLEXITY" missed="0" covered="1"/><counter type="METHOD" missed="0" covered="1"/></method><method name="acceptRequest" desc="(Ljava/lang/Long;Ljava/lang/Long;)V" line="73"><counter type="INSTRUCTION" missed="6" covered="79"/><counter type="BRANCH" missed="2" covered="2"/><counter type="LINE" missed="1" covered="17"/><counter type="COMPLEXITY" missed="2" covered="1"/><counter type="METHOD" missed="0" covered="1"/></method><method name="discardRequest" desc="(Ljava/lang/Long;Ljava/lang/Long;)V" line="99"><counter type="INSTRUCTION" missed="6" covered="27"/><counter type="BRANCH" missed="1" covered="1"/><counter type="LINE" missed="1" covered="7"/><counter type="COMPLEXITY" missed="1" covered="1"/><counter type="METHOD" missed="0" covered="1"/></method><method name="listIncomingRequests" desc="(Ljava/lang/Long;)Ljava/util/List;" line="111"><counter type="INSTRUCTION" missed="0" covered="13"/><counter type="LINE" missed="0" covered="5"/><counter type="COMPLEXITY" missed="0" covered="1"/><counter type="METHOD" missed="0" covered="1"/></method><method name="listAcceptedFollowing" desc="(Ljava/lang/Long;)Ljava/util/List;" line="120"><counter type="INSTRUCTION" missed="43" covered="0"/><counter type="LINE" missed="14" covered="0"/><counter type="COMPLEXITY" missed="1" covered="0"/><counter type="METHOD" missed="1" covered="0"/></method><method name="unfriend" desc="(Ljava/lang/Long;Ljava/lang/Long;)V" line="141"><counter type="INSTRUCTION" missed="10" covered="69"/><counter type="BRANCH" missed="9" covered="7"/><counter type="LINE" missed="1" covered="14"/><counter type="COMPLEXITY" missed="8" covered="1"/><counter type="METHOD" missed="0" covered="1"/></method><method name="validateUsers" desc="(Ljava/lang/Long;Ljava/lang/Long;)V" line="169"><counter type="INSTRUCTION" missed="0" covered="7"/><counter type="LINE" missed="0" covered="3"/><counter type="COMPLEXITY" missed="0" covered="1"/><counter type="METHOD" missed="0" covered="1"/></method><method name="ensureUserExists" desc="(Ljava/lang/Long;)V" line="174"><counter type="INSTRUCTION" missed="6" covered="6"/><counter type="BRANCH" missed="1" covered="1"/><counter type="LINE" missed="1" covered="2"/><counter type="COMPLEXITY" missed="1" covered="1"/><counter type="METHOD" missed="0" covered="1"/></method><method name="mapToRequestDTO" desc="(Lcom/musiguessr/backend/model/Following;)Lcom/musiguessr/backend/dto/following/FollowRequestDTO;" line="181"><counter type="INSTRUCTION" missed="1" covered="18"/><counter type="BRANCH" missed="1" covered="1"/><counter type="LINE" missed="0" covered="5"/><counter type="COMPLEXITY" missed="1" covered="1"/><counter type="METHOD" missed="0" covered="1"/></method><method name="mapToFriendDTOOutgoing" desc="(Lcom/musiguessr/backend/model/Following;)Lcom/musiguessr/backend/dto/following/FollowFriendDTO;" line="190"><counter type="INSTRUCTION" missed="15" covered="0"/><counter type="BRANCH" missed="2" covered="0"/><counter type="LINE" missed="3" covered="0"/><counter type="COMPLEXITY" missed="2" covered="0"/><counter type="METHOD" missed="1" covered="0"/></method><method name="mapToFriendDTOIncoming" desc="(Lcom/musiguessr/backend/model/Following;)Lcom/musiguessr/backend/dto/following/FollowFriendDTO;" line="197"><counter type="INSTRUCTION" missed="15" covered="0"/><counter type="BRANCH" missed="2" covered="0"/><counter type="LINE" missed="3" covered="0"/><counter type="COMPLEXITY" missed="2" covered="0"/><counter type="METHOD" missed="1" covered="0"/></method><method name="lambda$listAcceptedFollowing$5" desc="(Ljava/util/Map;Lcom/musiguessr/backend/dto/following/FollowFriendDTO;)V" line="134"><counter type="INSTRUCTION" missed="7" covered="0"/><counter type="LINE" missed="1" covered="0"/><counter type="COMPLEXITY" missed="1" covered="0"/><counter type="METHOD" missed="1" covered="0"/></method><method name="lambda$listAcceptedFollowing$4" desc="(Lcom/musiguessr/backend/dto/following/FollowFriendDTO;)Z" line="133"><counter type="INSTRUCTION" missed="7" covered="0"/><counter type="BRANCH" missed="2" covered="0"/><counter type="LINE" missed="1" covered="0"/><counter type="COMPLEXITY" missed="2" covered="0"/><counter type="METHOD" missed="1" covered="0"/></method><method name="lambda$discardRequest$3" desc="()Lorg/springframework/web/server/ResponseStatusException;" line="102"><counter type="INSTRUCTION" missed="6" covered="0"/><counter type="LINE" missed="1" covered="0"/><counter type="COMPLEXITY" missed="1" covered="0"/><counter type="METHOD" missed="1" covered="0"/></method><method name="lambda$acceptRequest$2" desc="()Lorg/springframework/web/server/ResponseStatusException;" line="75"><counter type="INSTRUCTION" missed="0" covered="6"/><counter type="LINE" missed="0" covered="1"/><counter type="COMPLEXITY" missed="0" covered="1"/><counter type="METHOD" missed="0" covered="1"/></method><method name="lambda$markInboxSeen$1" desc="(Lcom/musiguessr/backend/model/Following;)V" line="67"><counter type="INSTRUCTION" missed="0" covered="5"/><counter type="LINE" missed="0" covered="1"/><counter type="COMPLEXITY" missed="0" covered="1"/><counter type="METHOD" missed="0" covered="1"/></method><method name="lambda$markInboxSeen$0" desc="(Lcom/musiguessr/backend/model/Following;)Z" line="66"><counter type="INSTRUCTION" missed="0" covered="9"/><counter type="BRANCH" missed="0" covered="2"/><counter type="LINE" missed="0" covered="1"/><counter type="COMPLEXITY" missed="0" covered="2"/><counter type="METHOD" missed="0" covered="1"/></method><counter type="INSTRUCTION" missed="126" covered="368"/><counter type="BRANCH" missed="22" covered="22"/><counter type="LINE" missed="26" covered="84"/><counter type="COMPLEXITY" missed="24" covered="16"/><counter type="METHOD" missed="6" covered="12"/><counter type="CLASS" missed="0" covered="1"/></class><class name="com/musiguessr/backend/service/PlaylistService" sourcefilename="PlaylistService.java"><method name="getPlaylists" desc="(Ljava/lang/Long;Ljava/lang/String;Ljava/lang/Integer;Ljava/lang/Integer;)Ljava/util/List;" line="37"><counter type="INSTRUCTION" missed="9" covered="49"/><counter type="BRANCH" missed="6" covered="6"/><counter type="LINE" missed="0" covered="10"/><counter type="COMPLEXITY" missed="6" covered="1"/><counter type="METHOD" missed="0" covered="1"/></method><method name="getPlaylistById" desc="(Ljava/lang/Long;)Lcom/musiguessr/backend/dto/playlist/PlaylistResponseDTO;" line="55"><counter type="INSTRUCTION" missed="12" covered="0"/><counter type="LINE" missed="3" covered="0"/><counter type="COMPLEXITY" missed="1" covered="0"/><counter type="METHOD" missed="1" covered="0"/></method><method name="createPlaylist" desc="(Lcom/musiguessr/backend/dto/playlist/PlaylistRequestDTO;)Lcom/musiguessr/backend/dto/playlist/PlaylistResponseDTO;" line="62"><counter type="INSTRUCTION" missed="7" covered="23"/><counter type="LINE" missed="2" covered="5"/><counter type="COMPLEXITY" missed="0" covered="1"/><counter type="METHOD" missed="0" covered="1"/></method><method name="createRandomPlaylist" desc="(Lcom/musiguessr/backend/dto/playlist/PlaylistRandomRequestDTO;)Lcom/musiguessr/backend/dto/playlist/PlaylistResponseDTO;" line="76"><counter type="INSTRUCTION" missed="22" covered="78"/><counter type="BRANCH" missed="9" covered="5"/><counter type="LINE" missed="3" covered="22"/><counter type="COMPLEXITY" missed="7" covered="1"/><counter type="METHOD" missed="0" covered="1"/></method><method name="createRandomPlaylist" desc="(Ljava/lang/String;Ljava/lang/Integer;)Ljava/lang/Long;" line="129"><counter type="INSTRUCTION" missed="59" covered="0"/><counter type="BRANCH" missed="2" covered="0"/><counter type="LINE" missed="15" covered="0"/><counter type="COMPLEXITY" missed="2" covered="0"/><counter type="METHOD" missed="1" covered="0"/></method><method name="updatePlaylist" desc="(Ljava/lang/Long;Lcom/musiguessr/backend/dto/playlist/PlaylistUpdateRequestDTO;)Lcom/musiguessr/backend/dto/playlist/PlaylistResponseDTO;" line="168"><counter type="INSTRUCTION" missed="34" covered="0"/><counter type="BRANCH" missed="2" covered="0"/><counter type="LINE" missed="8" covered="0"/><counter type="COMPLEXITY" missed="2" covered="0"/><counter type="METHOD" missed="1" covered="0"/></method><method name="deletePlaylist" desc="(Ljava/lang/Long;)V" line="185"><counter type="INSTRUCTION" missed="13" covered="0"/><counter type="LINE" missed="4" covered="0"/><counter type="COMPLEXITY" missed="1" covered="0"/><counter type="METHOD" missed="1" covered="0"/></method><method name="getPlaylistSongs" desc="(Ljava/lang/Long;)Ljava/util/List;" line="193"><counter type="INSTRUCTION" missed="17" covered="0"/><counter type="LINE" missed="5" covered="0"/><counter type="COMPLEXITY" missed="1" covered="0"/><counter type="METHOD" missed="1" covered="0"/></method><method name="addSongToPlaylist" desc="(Ljava/lang/Long;Lcom/musiguessr/backend/dto/playlist/PlaylistItemRequestDTO;)V" line="203"><counter type="INSTRUCTION" missed="34" covered="68"/><counter type="BRANCH" missed="5" covered="3"/><counter type="LINE" missed="7" covered="15"/><counter type="COMPLEXITY" missed="3" covered="2"/><counter type="METHOD" missed="0" covered="1"/></method><method name="addSongsToPlaylist" desc="(Ljava/lang/Long;Lcom/musiguessr/backend/dto/playlist/PlaylistBatchItemRequestDTO;)V" line="239"><counter type="INSTRUCTION" missed="35" covered="148"/><counter type="BRANCH" missed="9" covered="13"/><counter type="LINE" missed="5" covered="31"/><counter type="COMPLEXITY" missed="9" covered="3"/><counter type="METHOD" missed="0" covered="1"/></method><method name="removeSongFromPlaylist" desc="(Ljava/lang/Long;Ljava/lang/Long;)V" line="301"><counter type="INSTRUCTION" missed="0" covered="17"/><counter type="LINE" missed="0" covered="5"/><counter type="COMPLEXITY" missed="0" covered="1"/><counter type="METHOD" missed="0" covered="1"/></method><method name="reorder" desc="(Ljava/lang/Long;Lcom/musiguessr/backend/dto/playlist/PlaylistBatchItemRequestDTO;)V" line="311"><counter type="INSTRUCTION" missed="12" covered="100"/><counter type="BRANCH" missed="3" covered="7"/><counter type="LINE" missed="2" covered="21"/><counter type="COMPLEXITY" missed="3" covered="3"/><counter type="METHOD" missed="0" covered="1"/></method><method name="ensurePlaylistExists" desc="(Ljava/lang/Long;)V" line="343"><counter type="INSTRUCTION" missed="6" covered="6"/><counter type="BRANCH" missed="1" covered="1"/><counter type="LINE" missed="1" covered="2"/><counter type="COMPLEXITY" missed="1" covered="1"/><counter type="METHOD" missed="0" covered="1"/></method><method name="getOwnerId" desc="()Ljava/lang/Long;" line="349"><counter type="INSTRUCTION" missed="31" covered="10"/><counter type="BRANCH" missed="9" covered="1"/><counter type="LINE" missed="6" covered="4"/><counter type="COMPLEXITY" missed="5" covered="1"/><counter type="METHOD" missed="0" covered="1"/></method><method name="mapToDTO" desc="(Lcom/musiguessr/backend/model/Playlist;)Lcom/musiguessr/backend/dto/playlist/PlaylistResponseDTO;" line="370"><counter type="INSTRUCTION" missed="0" covered="10"/><counter type="LINE" missed="0" covered="4"/><counter type="COMPLEXITY" missed="0" covered="1"/><counter type="METHOD" missed="0" covered="1"/></method><method name="mapToDTO" desc="(Ljava/lang/String;Lcom/musiguessr/backend/model/Playlist;)Lcom/musiguessr/backend/dto/playlist/PlaylistResponseDTO;" line="378"><counter type="INSTRUCTION" missed="0" covered="11"/><counter type="LINE" missed="0" covered="4"/><counter type="COMPLEXITY" missed="0" covered="1"/><counter type="METHOD" missed="0" covered="1"/></method><method name="mapMusicToDTO" desc="(Lcom/musiguessr/backend/model/Music;)Lcom/musiguessr/backend/dto/music/MusicResponseDTO;" line="387"><counter type="INSTRUCTION" missed="40" covered="0"/><counter type="BRANCH" missed="4" covered="0"/><counter type="LINE" missed="10" covered="0"/><counter type="COMPLEXITY" missed="3" covered="0"/><counter type="METHOD" missed="1" covered="0"/></method><method name="lambda$reorder$12" desc="(Lcom/musiguessr/backend/model/Music;)Lcom/musiguessr/backend/model/Music;" line="317"><counter type="INSTRUCTION" missed="0" covered="2"/><counter type="LINE" missed="0" covered="1"/><counter type="COMPLEXITY" missed="0" covered="1"/><counter type="METHOD" missed="0" covered="1"/></method><method name="lambda$reorder$11" desc="()Lorg/springframework/web/server/ResponseStatusException;" line="312"><counter type="INSTRUCTION" missed="6" covered="0"/><counter type="LINE" missed="1" covered="0"/><counter type="COMPLEXITY" missed="1" covered="0"/><counter type="METHOD" missed="1" covered="0"/></method><method name="lambda$removeSongFromPlaylist$10" desc="()Lorg/springframework/web/server/ResponseStatusException;" line="304"><counter type="INSTRUCTION" missed="6" c
[...]
counter type="LINE" missed="1" covered="0"/><counter type="COMPLEXITY" missed="2" covered="0"/><counter type="METHOD" missed="1" covered="0"/></method><counter type="INSTRUCTION" missed="24" covered="16"/><counter type="BRANCH" missed="2" covered="0"/><counter type="LINE" missed="6" covered="3"/><counter type="COMPLEXITY" missed="7" covered="2"/><counter type="METHOD" missed="6" covered="2"/><counter type="CLASS" missed="0" covered="1"/></class><sourcefile name="JwtUtil.java"><line nr="14" mi="0" ci="3" mb="0" cb="0"/><line nr="23" mi="0" ci="5" mb="0" cb="0"/><line nr="24" mi="0" ci="1" mb="0" cb="0"/><line nr="29" mi="0" ci="3" mb="0" cb="0"/><line nr="30" mi="0" ci="4" mb="0" cb="0"/><line nr="31" mi="0" ci="3" mb="0" cb="0"/><line nr="32" mi="0" ci="7" mb="0" cb="0"/><line nr="33" mi="0" ci="2" mb="0" cb="0"/><line nr="34" mi="0" ci="1" mb="0" cb="0"/><line nr="38" mi="0" ci="3" mb="0" cb="0"/><line nr="39" mi="0" ci="2" mb="0" cb="0"/><line nr="40" mi="0" ci="2" mb="0" cb="0"/><line nr="41" mi="0" ci="1" mb="0" cb="0"/><line nr="42" mi="0" ci="2" mb="0" cb="0"/><line nr="43" mi="0" ci="1" mb="0" cb="0"/><line nr="48" mi="0" ci="2" mb="0" cb="0"/><line nr="49" mi="0" ci="2" mb="0" cb="0"/><line nr="50" mi="0" ci="2" mb="0" cb="0"/><line nr="51" mi="0" ci="2" mb="0" cb="0"/><line nr="52" mi="0" ci="2" mb="0" cb="0"/><line nr="53" mi="0" ci="1" mb="0" cb="0"/><line nr="54" mi="0" ci="2" mb="0" cb="0"/><counter type="INSTRUCTION" missed="0" covered="53"/><counter type="LINE" missed="0" covered="22"/><counter type="COMPLEXITY" missed="0" covered="5"/><counter type="METHOD" missed="0" covered="5"/><counter type="CLASS" missed="0" covered="1"/></sourcefile><sourcefile name="CustomUserDetails.java"><line nr="13" mi="0" ci="6" mb="0" cb="0"/><line nr="17" mi="0" ci="6" mb="0" cb="0"/><line nr="18" mi="0" ci="4" mb="0" cb="0"/><line nr="24" mi="4" ci="0" mb="0" cb="0"/><line nr="29" mi="4" ci="0" mb="0" cb="0"/><line nr="34" mi="2" ci="0" mb="0" cb="0"/><line nr="39" mi="2" ci="0" mb="0" cb="0"/><line nr="44" mi="2" ci="0" mb="0" cb="0"/><line nr="49" mi="10" ci="0" mb="2" cb="0"/><counter type="INSTRUCTION" missed="24" covered="16"/><counter type="BRANCH" missed="2" covered="0"/><counter type="LINE" missed="6" covered="3"/><counter type="COMPLEXITY" missed="7" covered="2"/><counter type="METHOD" missed="6" covered="2"/><counter type="CLASS" missed="0" covered="1"/></sourcefile><sourcefile name="JwtAuthFilter.java"><line nr="23" mi="0" ci="2" mb="0" cb="0"/><line nr="24" mi="0" ci="3" mb="0" cb="0"/><line nr="25" mi="0" ci="3" mb="0" cb="0"/><line nr="26" mi="0" ci="1" mb="0" cb="0"/><line nr="35" mi="0" ci="4" mb="0" cb="0"/><line nr="37" mi="4" ci="2" mb="3" cb="1"/><line nr="38" mi="4" ci="0" mb="0" cb="0"/><line nr="40" mi="5" ci="0" mb="2" cb="0"/><line nr="41" mi="5" ci="0" mb="0" cb="0"/><line nr="42" mi="5" ci="0" mb="0" cb="0"/><line nr="44" mi="5" ci="0" mb="0" cb="0"/><line nr="46" mi="3" ci="0" mb="0" cb="0"/><line nr="49" mi="3" ci="0" mb="0" cb="0"/><line nr="53" mi="0" ci="4" mb="0" cb="0"/><line nr="54" mi="0" ci="1" mb="0" cb="0"/><counter type="INSTRUCTION" missed="34" covered="20"/><counter type="BRANCH" missed="5" covered="1"/><counter type="LINE" missed="7" covered="8"/><counter type="COMPLEXITY" missed="3" covered="2"/><counter type="METHOD" missed="0" covered="2"/><counter type="CLASS" missed="0" covered="1"/></sourcefile><sourcefile name="CustomUserDetailsService.java"><line nr="18" mi="5" ci="0" mb="0" cb="0"/><line nr="19" mi="8" ci="0" mb="0" cb="0"/><line nr="21" mi="5" ci="0" mb="0" cb="0"/><counter type="INSTRUCTION" missed="18" covered="0"/><counter type="LINE" missed="3" covered="0"/><counter type="COMPLEXITY" missed="2" covered="0"/><counter type="METHOD" missed="2" covered="0"/><counter type="CLASS" missed="1" covered="0"/></sourcefile><sourcefile name="JwtAuthenticationEntryPoint.java"><line nr="12" mi="0" ci="3" mb="0" cb="0"/><line nr="19" mi="3" ci="0" mb="0" cb="0"/><line nr="20" mi="3" ci="0" mb="0" cb="0"/><line nr="21" mi="6" ci="0" mb="0" cb="0"/><line nr="22" mi="1" ci="0" mb="0" cb="0"/><counter type="INSTRUCTION" missed="13" covered="3"/><counter type="LINE" missed="4" covered="1"/><counter type="COMPLEXITY" missed="1" covered="1"/><counter type="METHOD" missed="1" covered="1"/><counter type="CLASS" missed="0" covered="1"/></sourcefile><counter type="INSTRUCTION" missed="89" covered="92"/><counter type="BRANCH" missed="7" covered="1"/><counter type="LINE" missed="20" covered="34"/><counter type="COMPLEXITY" missed="13" covered="10"/><counter type="METHOD" missed="9" covered="10"/><counter type="CLASS" missed="1" covered="4"/></package><package name="com/musiguessr/backend/dto/game"><class name="com/musiguessr/backend/dto/game/GameResultDTO" sourcefilename="GameResultDTO.java"/><class name="com/musiguessr/backend/dto/game/GameRoundResultDTO" sourcefilename="GameRoundResultDTO.java"/><class name="com/musiguessr/backend/dto/game/GameResponseDTO" sourcefilename="GameResponseDTO.java"/><class name="com/musiguessr/backend/dto/game/GameRoundGuessDTO" sourcefilename="GameRoundGuessDTO.java"/><class name="com/musiguessr/backend/dto/game/GameStartDTO" sourcefilename="GameStartDTO.java"/><sourcefile name="GameRoundGuessDTO.java"/><sourcefile name="GameResponseDTO.java"/><sourcefile name="GameRoundResultDTO.java"/><sourcefile name="GameStartDTO.java"/><sourcefile name="GameResultDTO.java"/></package><package name="com/musiguessr/backend/dto/playlist"><class name="com/musiguessr/backend/dto/playlist/PlaylistUpdateRequestDTO" sourcefilename="PlaylistUpdateRequestDTO.java"/><class name="com/musiguessr/backend/dto/playlist/PlaylistRandomRequestDTO" sourcefilename="PlaylistRandomRequestDTO.java"/><class name="com/musiguessr/backend/dto/playlist/PlaylistRequestDTO" sourcefilename="PlaylistRequestDTO.java"/><class name="com/musiguessr/backend/dto/playlist/PlaylistBatchItemRequestDTO" sourcefilename="PlaylistBatchItemRequestDTO.java"/><class name="com/musiguessr/backend/dto/playlist/PlaylistResponseDTO" sourcefilename="PlaylistResponseDTO.java"><method name="&lt;init&gt;" desc="(Ljava/lang/Long;Ljava/lang/String;Ljava/lang/Long;)V" line="17"><counter type="INSTRUCTION" missed="0" covered="15"/><counter type="LINE" missed="0" covered="6"/><counter type="COMPLEXITY" missed="0" covered="1"/><counter type="METHOD" missed="0" covered="1"/></method><counter type="INSTRUCTION" missed="0" covered="15"/><counter type="LINE" missed="0" covered="6"/><counter type="COMPLEXITY" missed="0" covered="1"/><counter type="METHOD" missed="0" covered="1"/><counter type="CLASS" missed="0" covered="1"/></class><class name="com/musiguessr/backend/dto/playlist/PlaylistRandomRequestDTO$PlaylistFilterCriteria" sourcefilename="PlaylistRandomRequestDTO.java"/><class name="com/musiguessr/backend/dto/playlist/PlaylistItemRequestDTO" sourcefilename="PlaylistItemRequestDTO.java"/><sourcefile name="PlaylistBatchItemRequestDTO.java"/><sourcefile name="PlaylistResponseDTO.java"><line nr="17" mi="0" ci="2" mb="0" cb="0"/><line nr="18" mi="0" ci="3" mb="0" cb="0"/><line nr="19" mi="0" ci="3" mb="0" cb="0"/><line nr="20" mi="0" ci="3" mb="0" cb="0"/><line nr="21" mi="0" ci="3" mb="0" cb="0"/><line nr="22" mi="0" ci="1" mb="0" cb="0"/><counter type="INSTRUCTION" missed="0" covered="15"/><counter type="LINE" missed="0" covered="6"/><counter type="COMPLEXITY" missed="0" covered="1"/><counter type="METHOD" missed="0" covered="1"/><counter type="CLASS" missed="0" covered="1"/></sourcefile><sourcefile name="PlaylistRandomRequestDTO.java"/><sourcefile name="PlaylistItemRequestDTO.java"/><sourcefile name="PlaylistRequestDTO.java"/><sourcefile name="PlaylistUpdateRequestDTO.java"/><counter type="INSTRUCTION" missed="0" covered="15"/><counter type="LINE" missed="0" covered="6"/><counter type="COMPLEXITY" missed="0" covered="1"/><counter type="METHOD" missed="0" covered="1"/><counter type="CLASS" missed="0" covered="1"/></package><package name="com/musiguessr/backend/dto/user"><class name="com/musiguessr/backend/dto/user/ProfilePicturePresignRequestDTO" sourcefilename="ProfilePicturePresignRequestDTO.java"/><class name="com/musiguessr/backend/dto/user/PasswordUpdateRequestDTO" sourcefilename="PasswordUpdateRequestDTO.java"/><class name="com/musiguessr/backend/dto/user/ProfilePictureConfirmRequestDTO" sourcefilename="ProfilePictureConfirmRequestDTO.java"/><class name="com/musiguessr/backend/dto/user/ProfilePicturePresignResponseDTO" sourcefilename="ProfilePicturePresignResponseDTO.java"/><class name="com/musiguessr/backend/dto/user/UserRoleUpdateRequestDTO" sourcefilename="UserRoleUpdateRequestDTO.java"/><class name="com/musiguessr/backend/dto/user/UserUpdateRequestDTO" sourcefilename="UserUpdateRequestDTO.java"/><sourcefile name="UserRoleUpdateRequestDTO.java"/><sourcefile name="ProfilePicturePresignRequestDTO.java"/><sourcefile name="PasswordUpdateRequestDTO.java"/><sourcefile name="ProfilePictureConfirmRequestDTO.java"/><sourcefile name="ProfilePicturePresignResponseDTO.java"/><sourcefile name="UserUpdateRequestDTO.java"/></package><package name="com/musiguessr/backend/config"><class name="com/musiguessr/backend/config/CorsConfig" sourcefilename="CorsConfig.java"><method name="&lt;init&gt;" desc="()V" line="8"><counter type="INSTRUCTION" missed="0" covered="3"/><counter type="LINE" missed="0" covered="1"/><counter type="COMPLEXITY" missed="0" covered="1"/><counter type="METHOD" missed="0" covered="1"/></method><method name="addCorsMappings" desc="(Lorg/springframework/web/servlet/config/annotation/CorsRegistry;)V" line="12"><counter type="INSTRUCTION" missed="0" covered="73"/><counter type="LINE" missed="0" covered="8"/><counter type="COMPLEXITY" missed="0" covered="1"/><counter type="METHOD" missed="0" covered="1"/></method><counter type="INSTRUCTION" missed="0" covered="76"/><counter type="LINE" missed="0" covered="9"/><counter type="COMPLEXITY" missed="0" covered="2"/><counter type="METHOD" missed="0" covered="2"/><counter type="CLASS" missed="0" covered="1"/></class><class name="com/musiguessr/backend/config/SecurityConfig" sourcefilename="SecurityConfig.java"><method name="securityFilterChain" desc="(Lorg/springframework/security/config/annotation/web/builders/HttpSecurity;)Lorg/springframework/security/web/SecurityFilterChain;" line="43"><counter type="INSTRUCTION" missed="0" covered="21"/><counter type="LINE" missed="0" covered="8"/><counter type="COMPLEXITY" missed="0" covered="1"/><counter type="METHOD" missed="0" covered="1"/></method><method name="authenticationManager" desc="(Lorg/springframework/security/config/annotation/authentication/configuration/AuthenticationConfiguration;)Lorg/springframework/security/authentication/AuthenticationManager;" line="75"><counter type="INSTRUCTION" missed="0" covered="3"/><counter type="LINE" missed="0" covered="1"/><counter type="COMPLEXITY" missed="0" covered="1"/><counter type="METHOD" missed="0" covered="1"/></method><method name="corsConfigurationSource" desc="()Lorg/springframework/web/cors/CorsConfigurationSource;" line="80"><counter type="INSTRUCTION" missed="0" covered="47"/><counter type="LINE" missed="0" covered="10"/><counter type="COMPLEXITY" missed="0" covered="1"/><counter type="METHOD" missed="0" covered="1"/></method><method name="passwordEncoder" desc="()Lorg/springframework/security/crypto/password/PasswordEncoder;" line="104"><counter type="INSTRUCTION" missed="0" covered="4"/><counter type="LINE" missed="0" covered="1"/><counter type="COMPLEXITY" missed="0" covered="1"/><counter type="METHOD" missed="0" covered="1"/></method><method name="lambda$securityFilterChain$2" desc="(Lorg/springframework/security/config/annotation/web/configurers/AuthorizeHttpRequestsConfigurer$AuthorizationManagerRequestMatcherRegistry;)V" line="53"><counter type="INSTRUCTION" missed="0" covered="83"/><counter type="LINE" missed="0" covered="7"/><counter type="COMPLEXITY" missed="0" covered="1"/><counter type="METHOD" missed="0" covered="1"/></method><method name="lambda$securityFilterChain$1" desc="(Lorg/springframework/security/config/annotation/web/configurers/ExceptionHandlingConfigurer;)V" line="49"><counter type="INSTRUCTION" missed="0" covered="6"/><counter type="LINE" missed="0" covered="2"/><counter type="COMPLEXITY" missed="0" covered="1"/><counter type="METHOD" missed="0" covered="1"/></method><method name="lambda$securityFilterChain$0" desc="(Lorg/springframework/security/config/annotation/web/configurers/SessionManagementConfigurer;)V" line="47"><counter type="INSTRUCTION" missed="0" covered="5"/><counter type="LINE" missed="0" covered="1"/><counter type="COMPLEXITY" missed="0" covered="1"/><counter type="METHOD" missed="0" covered="1"/></method><method name="&lt;clinit&gt;" desc="()V" line="33"><counter type="INSTRUCTION" missed="0" covered="16"/><counter type="LINE" missed="0" covered="1"/><counter type="COMPLEXITY" missed="0" covered="1"/><counter type="METHOD" missed="0" covered="1"/></method><counter type="INSTRUCTION" missed="0" covered="185"/><counter type="LINE" missed="0" covered="30"/><counter type="COMPLEXITY" missed="0" covered="8"/><counter type="METHOD" missed="0" covered="8"/><counter type="CLASS" missed="0" covered="1"/></class><class name="com/musiguessr/backend/config/S3Config" sourcefilename="S3Config.java"><method name="&lt;init&gt;" desc="()V" line="13"><counter type="INSTRUCTION" missed="0" covered="3"/><counter type="LINE" missed="0" covered="1"/><counter type="COMPLEXITY" missed="0" covered="1"/><counter type="METHOD" missed="0" covered="1"/></method><method name="s3Client" desc="()Lsoftware/amazon/awssdk/services/s3/S3Client;" line="26"><counter type="INSTRUCTION" missed="0" covered="14"/><counter type="LINE" missed="0" covered="4"/><counter type="COMPLEXITY" missed="0" covered="1"/><counter type="METHOD" missed="0" covered="1"/></method><method name="s3Presigner" desc="()Lsoftware/amazon/awssdk/services/s3/presigner/S3Presigner;" line="34"><counter type="INSTRUCTION" missed="0" covered="11"/><counter type="LINE" missed="0" covered="4"/><counter type="COMPLEXITY" missed="0" covered="1"/><counter type="METHOD" missed="0" covered="1"/></method><method name="getCredentials" desc="()Lsoftware/amazon/awssdk/auth/credentials/AwsBasicCredentials;" line="41"><counter type="INSTRUCTION" missed="0" covered="6"/><counter type="LINE" missed="0" covered="1"/><counter type="COMPLEXITY" missed="0" covered="1"/><counter type="METHOD" missed="0" covered="1"/></method><counter type="INSTRUCTION" missed="0" covered="34"/><counter type="LINE" missed="0" covered="10"/><counter type="COMPLEXITY" missed="0" covered="4"/><counter type="METHOD" missed="0" covered="4"/><counter type="CLASS" missed="0" covered="1"/></class><class name="com/musiguessr/backend/config/OpenApiConfig" sourcefilename="OpenApiConfig.java"><method name="&lt;init&gt;" desc="()V" line="12"><counter type="INSTRUCTION" missed="0" covered="3"/><counter type="LINE" missed="0" covered="1"/><counter type="COMPLEXITY" missed="0" covered="1"/><counter type="METHOD" missed="0" covered="1"/></method><method name="customOpenAPI" desc="()Lio/swagger/v3/oas/models/OpenAPI;" line="16"><counter type="INSTRUCTION" missed="0" covered="35"/><counter type="LINE" missed="0" covered="11"/><counter type="COMPLEXITY" missed="0" covered="1"/><counter type="METHOD" missed="0" covered="1"/></method><counter type="INSTRUCTION" missed="0" covered="38"/><counter type="LINE" missed="0" covered="12"/><counter type="COMPLEXITY" missed="0" covered="2"/><counter type="METHOD" missed="0" covered="2"/><counter type="CLASS" missed="0" covered="1"/></class><sourcefile name="SecurityConfig.java"><line nr="33" mi="0" ci="16" mb="0" cb="0"/><line nr="43" mi="0" ci="2" mb="0" cb="0"/><line nr="44" mi="0" ci="1" mb="0" cb="0"/><line nr="45" mi="0" ci="3" mb="0" cb="0"/><line nr="46" mi="0" ci="3" mb="0" cb="0"/><line nr="47" mi="0" ci="5" mb="0" cb="0"/><line nr="49" mi="0" ci="6" mb="0" cb="0"/><line nr="50" mi="0" ci="2" mb="0" cb="0"/><line nr="52" mi="0" ci="4" mb="0" cb="0"/><line nr="53" mi="0" ci="2" mb="0" cb="0"/><line nr="59" mi="0" ci="11" mb="0" cb="0"/><line nr="60" mi="0" ci="9" mb="0" cb="0"/><line nr="62" mi="0" ci="25" mb="0" cb="0"/><line nr="64" mi="0" ci="5" mb="0" cb="0"/><line nr="65" mi="0" ci="3" mb="0" cb="0"/><line nr="66" mi="0" ci="28" mb="0" cb="0"/><line nr="68" mi="0" ci="2" mb="0" cb="0"/><line nr="70" mi="0" ci="4" mb="0" cb="0"/><line nr="75" mi="0" ci="3" mb="0" cb="0"/><line nr="80" mi="0" ci="4" mb="0" cb="0"/><line nr="82" mi="0" ci="7" mb="0" cb="0"/><line nr="88" mi="0" ci="9" mb="0" cb="0"/><line nr="91" mi="0" ci="4" mb="0" cb="0"/><line nr="92" mi="0" ci="5" mb="0" cb="0"/><line nr="93" mi="0" ci="4" mb="0" cb="0"/><line nr="94" mi="0" ci="4" mb="0" cb="0"/><line nr="96" mi="0" ci="4" mb="0" cb="0"/><line nr="97" mi="0" ci="4" mb="0" cb="0"/><line nr="99" mi="0" ci="2" mb="0" cb="0"/><line nr="104" mi="0" ci="4" mb="0" cb="0"/><counter type="INSTRUCTION" missed="0" covered="185"/><counter type="LINE" missed="0" covered="30"/><counter type="COMPLEXITY" missed="0" covered="8"/><counter type="METHOD" missed="0" covered="8"/><counter type="CLASS" missed="0" covered="1"/></sourcefile><sourcefile name="S3Config.java"><line nr="13" mi="0" ci="3" mb="0" cb="0"/><line nr="26" mi="0" ci="4" mb="0" cb="0"/><line nr="27" mi="0" ci="4" mb="0" cb="0"/><line nr="28" mi="0" ci="4" mb="0" cb="0"/><line nr="29" mi="0" ci="2" mb="0" cb="0"/><line nr="34" mi="0" ci="4" mb="0" cb="0"/><line nr="35" mi="0" ci="3" mb="0" cb="0"/><line nr="36" mi="0" ci="3" mb="0" cb="0"/><line nr="37" mi="0" ci="1" mb="0" cb="0"/><line nr="41" mi="0" ci="6" mb="0" cb="0"/><counter type="INSTRUCTION" missed="0" covered="34"/><counter type="LINE" missed="0" covered="10"/><counter type="COMPLEXITY" missed="0" covered="4"/><counter type="METHOD" missed="0" covered="4"/><counter type="CLASS" missed="0" covered="1"/></sourcefile><sourcefile name="OpenApiConfig.java"><line nr="12" mi="0" ci="3" mb="0" cb="0"/><line nr="16" mi="0" ci="8" mb="0" cb="0"/><line nr="17" mi="0" ci="5" mb="0" cb="0"/><line nr="18" mi="0" ci="2" mb="0" cb="0"/><line nr="19" mi="0" ci="2" mb="0" cb="0"/><line nr="20" mi="0" ci="1" mb="0" cb="0"/><line nr="21" mi="0" ci="10" mb="0" cb="0"/><line nr="22" mi="0" ci="1" mb="0" cb="0"/><line nr="23" mi="0" ci="1" mb="0" cb="0"/><line nr="25" mi="0" ci="2" mb="0" cb="0"/><line nr="26" mi="0" ci="2" mb="0" cb="0"/><line nr="27" mi="0" ci="1" mb="0" cb="0"/><counter type="INSTRUCTION" missed="0" covered="38"/><counter type="LINE" missed="0" covered="12"/><counter type="COMPLEXITY" missed="0" covered="2"/><counter type="METHOD" missed="0" covered="2"/><counter type="CLASS" missed="0" covered="1"/></sourcefile><sourcefile name="CorsConfig.java"><line nr="8" mi="0" ci="3" mb="0" cb="0"/><line nr="12" mi="0" ci="21" mb="0" cb="0"/><line nr="13" mi="0" ci="27" mb="0" cb="0"/><line nr="19" mi="0" ci="7" mb="0" cb="0"/><line nr="27" mi="0" ci="11" mb="0" cb="0"/><line nr="28" mi="0" ci="2" mb="0" cb="0"/><line nr="32" mi="0" ci="2" mb="0" cb="0"/><line nr="33" mi="0" ci="2" mb="0" cb="0"/><line nr="34" mi="0" ci="1" mb="0" cb="0"/><counter type="INSTRUCTION" missed="0" covered="76"/><counter type="LINE" missed="0" covered="9"/><counter type="COMPLEXITY" missed="0" covered="2"/><counter type="METHOD" missed="0" covered="2"/><counter type="CLASS" missed="0" covered="1"/></sourcefile><counter type="INSTRUCTION" missed="0" covered="333"/><counter type="LINE" missed="0" covered="61"/><counter type="COMPLEXITY" missed="0" covered="16"/><counter type="METHOD" missed="0" covered="16"/><counter type="CLASS" missed="0" covered="4"/></package><counter type="INSTRUCTION" missed="1753" covered="4722"/><counter type="BRANCH" missed="227" covered="229"/><counter type="LINE" missed="314" covered="1046"/><counter type="COMPLEXITY" missed="289" covered="247"/><counter type="METHOD" missed="102" covered="206"/><counter type="CLASS" missed="1" covered="42"/></report>